This file contains any messages produced by compilers while
running configure, to aid debugging if configure makes a mistake.

It was created by tRNAscan-SE configure 2.0.0, which was
generated by GNU Autoconf 2.69.  Invocation command line was

  $ ./configure -q --prefix=/install/

## --------- ##
## Platform. ##
## --------- ##

hostname = apollo2.chemistry.gatech.edu
uname -m = x86_64
uname -r = 4.18.0-477.10.1.el8_8.x86_64
uname -s = Linux
uname -v = #1 SMP Wed Apr 5 13:35:01 EDT 2023

/usr/bin/uname -p = x86_64
/bin/uname -X     = unknown

/bin/arch              = x86_64
/usr/bin/arch -k       = unknown
/usr/convex/getsysinfo = unknown
/usr/bin/hostinfo      = unknown
/bin/machine           = unknown
/usr/bin/oslevel       = unknown
/bin/universe          = unknown

PATH: /sbin
PATH: /bin
PATH: /usr/sbin
PATH: /usr/bin


## ----------- ##
## Core tests. ##
## ----------- ##

configure:2265: checking for gcc
configure:2281: found /bin/gcc
configure:2292: result: gcc
configure:2521: checking for C compiler version
configure:2530: gcc --version >&5
gcc (GCC) 8.5.0 20210514 (Red Hat 8.5.0-16)
Copyright (C) 2018 Free Software Foundation, Inc.
This is free software; see the source for copying conditions.  There is NO
warranty; not even for MERCHANTABILITY or FITNESS FOR A PARTICULAR PURPOSE.

configure:2541: $? = 0
configure:2530: gcc -v >&5
Using built-in specs.
COLLECT_GCC=gcc
COLLECT_LTO_WRAPPER=/usr/libexec/gcc/x86_64-redhat-linux/8/lto-wrapper
OFFLOAD_TARGET_NAMES=nvptx-none
OFFLOAD_TARGET_DEFAULT=1
Target: x86_64-redhat-linux
Configured with: ../configure --enable-bootstrap --enable-languages=c,c++,fortran,lto --prefix=/usr --mandir=/usr/share/man --infodir=/usr/share/info --with-bugurl=http://bugzilla.redhat.com/bugzilla --enable-shared --enable-threads=posix --enable-checking=release --enable-multilib --with-system-zlib --enable-__cxa_atexit --disable-libunwind-exceptions --enable-gnu-unique-object --enable-linker-build-id --with-gcc-major-version-only --with-linker-hash-style=gnu --enable-plugin --enable-initfini-array --with-isl --disable-libmpx --enable-offload-targets=nvptx-none --without-cuda-driver --enable-gnu-indirect-function --enable-cet --with-tune=generic --with-arch_32=x86-64 --build=x86_64-redhat-linux
Thread model: posix
gcc version 8.5.0 20210514 (Red Hat 8.5.0-16) (GCC) 
configure:2541: $? = 0
configure:2530: gcc -V >&5
gcc: error: unrecognized command line option '-V'
gcc: fatal error: no input files
compilation terminated.
configure:2541: $? = 1
configure:2530: gcc -qversion >&5
gcc: error: unrecognized command line option '-qversion'; did you mean '--version'?
gcc: fatal error: no input files
compilation terminated.
configure:2541: $? = 1
configure:2561: checking whether the C compiler works
configure:2583: gcc    conftest.c  >&5
configure:2587: $? = 0
configure:2635: result: yes
configure:2638: checking for C compiler default output file name
configure:2640: result: a.out
configure:2646: checking for suffix of executables
configure:2653: gcc -o conftest    conftest.c  >&5
configure:2657: $? = 0
configure:2679: result: 
configure:2701: checking whether we are cross compiling
configure:2709: gcc -o conftest    conftest.c  >&5
configure:2713: $? = 0
configure:2720: ./conftest
configure:2724: $? = 0
configure:2739: result: no
configure:2744: checking for suffix of object files
configure:2766: gcc -c   conftest.c >&5
configure:2770: $? = 0
configure:2791: result: o
configure:2795: checking whether we are using the GNU C compiler
configure:2814: gcc -c   conftest.c >&5
configure:2814: $? = 0
configure:2823: result: yes
configure:2832: checking whether gcc accepts -g
configure:2852: gcc -c -g  conftest.c >&5
configure:2852: $? = 0
configure:2893: result: yes
configure:2910: checking for gcc option to accept ISO C89
configure:2973: gcc  -c -g -O2  conftest.c >&5
configure:2973: $? = 0
configure:2986: result: none needed
configure:3057: checking for a BSD-compatible install
configure:3125: result: /bin/install -c
configure:3140: checking for perl
configure:3158: found /bin/perl
configure:3170: result: /bin/perl
configure:3181: checking for Perl version 5.0.0 or later
configure:3187: result: yes
configure:3193: result: 
configure:3203: checking how to run the C preprocessor
configure:3234: gcc -E  conftest.c
configure:3234: $? = 0
configure:3248: gcc -E  conftest.c
conftest.c:9:10: fatal error: ac_nonexistent.h: No such file or directory
 #include <ac_nonexistent.h>
          ^~~~~~~~~~~~~~~~~~
compilation terminated.
configure:3248: $? = 1
configure: failed program was:
| /* confdefs.h */
| #define PACKAGE_NAME "tRNAscan-SE"
| #define PACKAGE_TARNAME "trnascan-se"
| #define PACKAGE_VERSION "2.0.0"
| #define PACKAGE_STRING "tRNAscan-SE 2.0.0"
| #define PACKAGE_BUGREPORT "pchan@soe.ucsc.edu"
| #define PACKAGE_URL ""
| /* end confdefs.h.  */
| #include <ac_nonexistent.h>
configure:3273: result: gcc -E
configure:3293: gcc -E  conftest.c
configure:3293: $? = 0
configure:3307: gcc -E  conftest.c
conftest.c:9:10: fatal error: ac_nonexistent.h: No such file or directory
 #include <ac_nonexistent.h>
          ^~~~~~~~~~~~~~~~~~
compilation terminated.
configure:3307: $? = 1
configure: failed program was:
| /* confdefs.h */
| #define PACKAGE_NAME "tRNAscan-SE"
| #define PACKAGE_TARNAME "trnascan-se"
| #define PACKAGE_VERSION "2.0.0"
| #define PACKAGE_STRING "tRNAscan-SE 2.0.0"
| #define PACKAGE_BUGREPORT "pchan@soe.ucsc.edu"
| #define PACKAGE_URL ""
| /* end confdefs.h.  */
| #include <ac_nonexistent.h>
configure:3336: checking for grep that handles long lines and -e
configure:3394: result: /bin/grep
configure:3399: checking for egrep
configure:3461: result: /bin/grep -E
configure:3466: checking for ANSI C header files
configure:3486: gcc -c -O3  conftest.c >&5
configure:3486: $? = 0
configure:3559: gcc -o conftest -O3   conftest.c  >&5
configure:3559: $? = 0
configure:3559: ./conftest
configure:3559: $? = 0
configure:3570: result: yes
configure:3583: checking for sys/types.h
configure:3583: gcc -c -O3  conftest.c >&5
configure:3583: $? = 0
configure:3583: result: yes
configure:3583: checking for sys/stat.h
configure:3583: gcc -c -O3  conftest.c >&5
configure:3583: $? = 0
configure:3583: result: yes
configure:3583: checking for stdlib.h
configure:3583: gcc -c -O3  conftest.c >&5
configure:3583: $? = 0
configure:3583: result: yes
configure:3583: checking for string.h
configure:3583: gcc -c -O3  conftest.c >&5
configure:3583: $? = 0
configure:3583: result: yes
configure:3583: checking for memory.h
configure:3583: gcc -c -O3  conftest.c >&5
configure:3583: $? = 0
configure:3583: result: yes
configure:3583: checking for strings.h
configure:3583: gcc -c -O3  conftest.c >&5
configure:3583: $? = 0
configure:3583: result: yes
configure:3583: checking for inttypes.h
configure:3583: gcc -c -O3  conftest.c >&5
configure:3583: $? = 0
configure:3583: result: yes
configure:3583: checking for stdint.h
configure:3583: gcc -c -O3  conftest.c >&5
configure:3583: $? = 0
configure:3583: result: yes
configure:3583: checking for unistd.h
configure:3583: gcc -c -O3  conftest.c >&5
configure:3583: $? = 0
configure:3583: result: yes
configure:3595: checking for size_t
configure:3595: gcc -c -O3  conftest.c >&5
configure:3595: $? = 0
configure:3595: gcc -c -O3  conftest.c >&5
conftest.c: In function 'main':
conftest.c:55:21: error: expected expression before ')' token
 if (sizeof ((size_t)))
                     ^
configure:3595: $? = 1
configure: failed program was:
| /* confdefs.h */
| #define PACKAGE_NAME "tRNAscan-SE"
| #define PACKAGE_TARNAME "trnascan-se"
| #define PACKAGE_VERSION "2.0.0"
| #define PACKAGE_STRING "tRNAscan-SE 2.0.0"
| #define PACKAGE_BUGREPORT "pchan@soe.ucsc.edu"
| #define PACKAGE_URL ""
| #define STDC_HEADERS 1
| #define HAVE_SYS_TYPES_H 1
| #define HAVE_SYS_STAT_H 1
| #define HAVE_STDLIB_H 1
| #define HAVE_STRING_H 1
| #define HAVE_MEMORY_H 1
| #define HAVE_STRINGS_H 1
| #define HAVE_INTTYPES_H 1
| #define HAVE_STDINT_H 1
| #define HAVE_UNISTD_H 1
| /* end confdefs.h.  */
| #include <stdio.h>
| #ifdef HAVE_SYS_TYPES_H
| # include <sys/types.h>
| #endif
| #ifdef HAVE_SYS_STAT_H
| # include <sys/stat.h>
| #endif
| #ifdef STDC_HEADERS
| # include <stdlib.h>
| # include <stddef.h>
| #else
| # ifdef HAVE_STDLIB_H
| #  include <stdlib.h>
| # endif
| #endif
| #ifdef HAVE_STRING_H
| # if !defined STDC_HEADERS && defined HAVE_MEMORY_H
| #  include <memory.h>
| # endif
| # include <string.h>
| #endif
| #ifdef HAVE_STRINGS_H
| # include <strings.h>
| #endif
| #ifdef HAVE_INTTYPES_H
| # include <inttypes.h>
| #endif
| #ifdef HAVE_STDINT_H
| # include <stdint.h>
| #endif
| #ifdef HAVE_UNISTD_H
| # include <unistd.h>
| #endif
| int
| main ()
| {
| if (sizeof ((size_t)))
| 	    return 0;
|   ;
|   return 0;
| }
configure:3595: result: yes
configure:3608: checking for working alloca.h
configure:3625: gcc -o conftest -O3   conftest.c  >&5
configure:3625: $? = 0
configure:3633: result: yes
configure:3641: checking for alloca
configure:3678: gcc -o conftest -O3   conftest.c  >&5
configure:3678: $? = 0
configure:3686: result: yes
configure:3795: checking limits.h usability
configure:3795: gcc -c -O3  conftest.c >&5
configure:3795: $? = 0
configure:3795: result: yes
configure:3795: checking limits.h presence
configure:3795: gcc -E  conftest.c
configure:3795: $? = 0
configure:3795: result: yes
configure:3795: checking for limits.h
configure:3795: result: yes
configure:3795: checking for memory.h
configure:3795: result: yes
configure:3795: checking stddef.h usability
configure:3795: gcc -c -O3  conftest.c >&5
configure:3795: $? = 0
configure:3795: result: yes
configure:3795: checking stddef.h presence
configure:3795: gcc -E  conftest.c
configure:3795: $? = 0
configure:3795: result: yes
configure:3795: checking for stddef.h
configure:3795: result: yes
configure:3795: checking for stdlib.h
configure:3795: result: yes
configure:3795: checking for string.h
configure:3795: result: yes
configure:3795: checking for unistd.h
configure:3795: result: yes
configure:3807: checking for stdbool.h that conforms to C99
configure:3874: gcc -c -O3  conftest.c >&5
configure:3874: $? = 0
configure:3881: result: yes
configure:3883: checking for _Bool
configure:3883: gcc -c -O3  conftest.c >&5
configure:3883: $? = 0
configure:3883: gcc -c -O3  conftest.c >&5
conftest.c: In function 'main':
conftest.c:63:20: error: expected expression before ')' token
 if (sizeof ((_Bool)))
                    ^
configure:3883: $? = 1
configure: failed program was:
| /* confdefs.h */
| #define PACKAGE_NAME "tRNAscan-SE"
| #define PACKAGE_TARNAME "trnascan-se"
| #define PACKAGE_VERSION "2.0.0"
| #define PACKAGE_STRING "tRNAscan-SE 2.0.0"
| #define PACKAGE_BUGREPORT "pchan@soe.ucsc.edu"
| #define PACKAGE_URL ""
| #define STDC_HEADERS 1
| #define HAVE_SYS_TYPES_H 1
| #define HAVE_SYS_STAT_H 1
| #define HAVE_STDLIB_H 1
| #define HAVE_STRING_H 1
| #define HAVE_MEMORY_H 1
| #define HAVE_STRINGS_H 1
| #define HAVE_INTTYPES_H 1
| #define HAVE_STDINT_H 1
| #define HAVE_UNISTD_H 1
| #define HAVE_ALLOCA_H 1
| #define HAVE_ALLOCA 1
| #define HAVE_LIMITS_H 1
| #define HAVE_MEMORY_H 1
| #define HAVE_STDDEF_H 1
| #define HAVE_STDLIB_H 1
| #define HAVE_STRING_H 1
| #define HAVE_UNISTD_H 1
| /* end confdefs.h.  */
| #include <stdio.h>
| #ifdef HAVE_SYS_TYPES_H
| # include <sys/types.h>
| #endif
| #ifdef HAVE_SYS_STAT_H
| # include <sys/stat.h>
| #endif
| #ifdef STDC_HEADERS
| # include <stdlib.h>
| # include <stddef.h>
| #else
| # ifdef HAVE_STDLIB_H
| #  include <stdlib.h>
| # endif
| #endif
| #ifdef HAVE_STRING_H
| # if !defined STDC_HEADERS && defined HAVE_MEMORY_H
| #  include <memory.h>
| # endif
| # include <string.h>
| #endif
| #ifdef HAVE_STRINGS_H
| # include <strings.h>
| #endif
| #ifdef HAVE_INTTYPES_H
| # include <inttypes.h>
| #endif
| #ifdef HAVE_STDINT_H
| # include <stdint.h>
| #endif
| #ifdef HAVE_UNISTD_H
| # include <unistd.h>
| #endif
| int
| main ()
| {
| if (sizeof ((_Bool)))
| 	    return 0;
|   ;
|   return 0;
| }
configure:3883: result: yes
configure:3894: checking for size_t
configure:3894: result: yes
configure:3909: checking for stdlib.h
configure:3909: result: yes
configure:3919: checking for GNU libc compatible malloc
configure:3943: gcc -o conftest -O3   conftest.c  >&5
configure:3943: $? = 0
configure:3943: ./conftest
configure:3943: $? = 0
configure:3953: result: yes
configure:3976: checking for stdlib.h
configure:3976: result: yes
configure:3986: checking for GNU libc compatible realloc
configure:4010: gcc -o conftest -O3   conftest.c  >&5
configure:4010: $? = 0
configure:4010: ./conftest
configure:4010: $? = 0
configure:4020: result: yes
configure:4044: checking for bzero
configure:4044: gcc -o conftest -O3   conftest.c  >&5
conftest.c:55:6: warning: conflicting types for built-in function 'bzero' [-Wbuiltin-declaration-mismatch]
 char bzero ();
      ^~~~~
configure:4044: $? = 0
configure:4044: result: yes
configure:4044: checking for memset
configure:4044: gcc -o conftest -O3   conftest.c  >&5
conftest.c:56:6: warning: conflicting types for built-in function 'memset' [-Wbuiltin-declaration-mismatch]
 char memset ();
      ^~~~~~
configure:4044: $? = 0
configure:4044: result: yes
configure:4044: checking for re_comp
configure:4044: gcc -o conftest -O3   conftest.c  >&5
configure:4044: $? = 0
configure:4044: result: yes
configure:4044: checking for regcomp
configure:4044: gcc -o conftest -O3   conftest.c  >&5
configure:4044: $? = 0
configure:4044: result: yes
configure:4044: checking for sqrt
configure:4044: gcc -o conftest -O3   conftest.c  >&5
conftest.c:59:6: warning: conflicting types for built-in function 'sqrt' [-Wbuiltin-declaration-mismatch]
 char sqrt ();
      ^~~~
/tmp/cccYsYg2.o: In function `main':
conftest.c:(.text.startup+0x7): undefined reference to `sqrt'
collect2: error: ld returned 1 exit status
configure:4044: $? = 1
configure: failed program was:
| /* confdefs.h */
| #define PACKAGE_NAME "tRNAscan-SE"
| #define PACKAGE_TARNAME "trnascan-se"
| #define PACKAGE_VERSION "2.0.0"
| #define PACKAGE_STRING "tRNAscan-SE 2.0.0"
| #define PACKAGE_BUGREPORT "pchan@soe.ucsc.edu"
| #define PACKAGE_URL ""
| #define STDC_HEADERS 1
| #define HAVE_SYS_TYPES_H 1
| #define HAVE_SYS_STAT_H 1
| #define HAVE_STDLIB_H 1
| #define HAVE_STRING_H 1
| #define HAVE_MEMORY_H 1
| #define HAVE_STRINGS_H 1
| #define HAVE_INTTYPES_H 1
| #define HAVE_STDINT_H 1
| #define HAVE_UNISTD_H 1
| #define HAVE_ALLOCA_H 1
| #define HAVE_ALLOCA 1
| #define HAVE_LIMITS_H 1
| #define HAVE_MEMORY_H 1
| #define HAVE_STDDEF_H 1
| #define HAVE_STDLIB_H 1
| #define HAVE_STRING_H 1
| #define HAVE_UNISTD_H 1
| #define HAVE__BOOL 1
| #define HAVE_STDLIB_H 1
| #define HAVE_MALLOC 1
| #define HAVE_STDLIB_H 1
| #define HAVE_REALLOC 1
| #define HAVE_BZERO 1
| #define HAVE_MEMSET 1
| #define HAVE_RE_COMP 1
| #define HAVE_REGCOMP 1
| /* end confdefs.h.  */
| /* Define sqrt to an innocuous variant, in case <limits.h> declares sqrt.
|    For example, HP-UX 11i <limits.h> declares gettimeofday.  */
| #define sqrt innocuous_sqrt
| 
| /* System header to define __stub macros and hopefully few prototypes,
|     which can conflict with char sqrt (); below.
|     Prefer <limits.h> to <assert.h> if __STDC__ is defined, since
|     <limits.h> exists even on freestanding compilers.  */
| 
| #ifdef __STDC__
| # include <limits.h>
| #else
| # include <assert.h>
| #endif
| 
| #undef sqrt
| 
| /* Override any GCC internal prototype to avoid an error.
|    Use char because int might match the return type of a GCC
|    builtin and then its argument prototype would still apply.  */
| #ifdef __cplusplus
| extern "C"
| #endif
| char sqrt ();
| /* The GNU C library defines this for functions which it implements
|     to always fail with ENOSYS.  Some functions are actually named
|     something starting with __ and the normal name is an alias.  */
| #if defined __stub_sqrt || defined __stub___sqrt
| choke me
| #endif
| 
| int
| main ()
| {
| return sqrt ();
|   ;
|   return 0;
| }
configure:4044: result: no
configure:4044: checking for strcasecmp
configure:4044: gcc -o conftest -O3   conftest.c  >&5
conftest.c:59:6: warning: conflicting types for built-in function 'strcasecmp' [-Wbuiltin-declaration-mismatch]
 char strcasecmp ();
      ^~~~~~~~~~
configure:4044: $? = 0
configure:4044: result: yes
configure:4044: checking for strchr
configure:4044: gcc -o conftest -O3   conftest.c  >&5
conftest.c:60:6: warning: conflicting types for built-in function 'strchr' [-Wbuiltin-declaration-mismatch]
 char strchr ();
      ^~~~~~
configure:4044: $? = 0
configure:4044: result: yes
configure:4044: checking for strstr
configure:4044: gcc -o conftest -O3   conftest.c  >&5
conftest.c:61:6: warning: conflicting types for built-in function 'strstr' [-Wbuiltin-declaration-mismatch]
 char strstr ();
      ^~~~~~
configure:4044: $? = 0
configure:4044: result: yes
configure:4057: checking whether build environment is sane
configure:4112: result: yes
configure:4263: checking for a thread-safe mkdir -p
configure:4302: result: /bin/mkdir -p
configure:4309: checking for gawk
configure:4325: found /bin/gawk
configure:4336: result: gawk
configure:4347: checking whether make sets $(MAKE)
configure:4369: result: yes
configure:4399: checking for style of include used by make
configure:4427: result: GNU
configure:4461: checking whether make supports nested variables
configure:4478: result: yes
configure:4563: checking dependency style of gcc
configure:4674: result: gcc3
configure:4804: checking that generated files are newer than configure
configure:4810: result: done
configure:4833: creating ./config.status

## ---------------------- ##
## Running config.status. ##
## ---------------------- ##

This file was extended by tRNAscan-SE config.status 2.0.0, which was
generated by GNU Autoconf 2.69.  Invocation command line was

  CONFIG_FILES    = 
  CONFIG_HEADERS  = 
  CONFIG_LINKS    = 
  CONFIG_COMMANDS = 
  $ ./config.status --quiet

on apollo2.chemistry.gatech.edu

config.status:874: creating Makefile
config.status:874: creating config.h
config.status:1103: executing depfiles commands

## ---------------- ##
## Cache variables. ##
## ---------------- ##

ac_cv_c_compiler_gnu=yes
ac_cv_env_CC_set=
ac_cv_env_CC_value=
ac_cv_env_CFLAGS_set=
ac_cv_env_CFLAGS_value=
ac_cv_env_CPPFLAGS_set=
ac_cv_env_CPPFLAGS_value=
ac_cv_env_CPP_set=
ac_cv_env_CPP_value=
ac_cv_env_LDFLAGS_set=
ac_cv_env_LDFLAGS_value=
ac_cv_env_LIBS_set=
ac_cv_env_LIBS_value=
ac_cv_env_build_alias_set=
ac_cv_env_build_alias_value=
ac_cv_env_host_alias_set=
ac_cv_env_host_alias_value=
ac_cv_env_target_alias_set=
ac_cv_env_target_alias_value=
ac_cv_func_alloca_works=yes
ac_cv_func_bzero=yes
ac_cv_func_malloc_0_nonnull=yes
ac_cv_func_memset=yes
ac_cv_func_re_comp=yes
ac_cv_func_realloc_0_nonnull=yes
ac_cv_func_regcomp=yes
ac_cv_func_sqrt=no
ac_cv_func_strcasecmp=yes
ac_cv_func_strchr=yes
ac_cv_func_strstr=yes
ac_cv_header_inttypes_h=yes
ac_cv_header_limits_h=yes
ac_cv_header_memory_h=yes
ac_cv_header_stdbool_h=yes
ac_cv_header_stdc=yes
ac_cv_header_stddef_h=yes
ac_cv_header_stdint_h=yes
ac_cv_header_stdlib_h=yes
ac_cv_header_string_h=yes
ac_cv_header_strings_h=yes
ac_cv_header_sys_stat_h=yes
ac_cv_header_sys_types_h=yes
ac_cv_header_unistd_h=yes
ac_cv_objext=o
ac_cv_path_EGREP='/bin/grep -E'
ac_cv_path_GREP=/bin/grep
ac_cv_path_PERL=/bin/perl
ac_cv_path_install='/bin/install -c'
ac_cv_path_mkdir=/bin/mkdir
ac_cv_prog_AWK=gawk
ac_cv_prog_CPP='gcc -E'
ac_cv_prog_ac_ct_CC=gcc
ac_cv_prog_cc_c89=
ac_cv_prog_cc_g=yes
ac_cv_prog_make_make_set=yes
ac_cv_type__Bool=yes
ac_cv_type_size_t=yes
ac_cv_working_alloca_h=yes
am_cv_CC_dependencies_compiler_type=gcc3
am_cv_make_support_nested_variables=yes

## ----------------- ##
## Output variables. ##
## ----------------- ##

ACLOCAL='${SHELL} /home/RiboVision3/R2DT1_4/tRNAscan-SE-2.0.11/missing aclocal-1.13'
ALLOCA=''
AMDEPBACKSLASH='\'
AMDEP_FALSE='#'
AMDEP_TRUE=''
AMTAR='$${TAR-tar}'
AM_BACKSLASH='\'
AM_DEFAULT_V='$(AM_DEFAULT_VERBOSITY)'
AM_DEFAULT_VERBOSITY='1'
AM_V='$(V)'
AUTOCONF='${SHELL} /home/RiboVision3/R2DT1_4/tRNAscan-SE-2.0.11/missing autoconf'
AUTOHEADER='${SHELL} /home/RiboVision3/R2DT1_4/tRNAscan-SE-2.0.11/missing autoheader'
AUTOMAKE='${SHELL} /home/RiboVision3/R2DT1_4/tRNAscan-SE-2.0.11/missing automake-1.13'
AWK='gawk'
CC='gcc'
CCDEPMODE='depmode=gcc3'
CFLAGS='-O3'
CPP='gcc -E'
CPPFLAGS=''
CYGPATH_W='echo'
DEFS='-DHAVE_CONFIG_H'
DEPDIR='.deps'
ECHO_C=''
ECHO_N='-n'
ECHO_T=''
EGREP='/bin/grep -E'
EXEEXT=''
GREP='/bin/grep'
INSTALL_DATA='${INSTALL} -m 644'
INSTALL_PROGRAM='${INSTALL}'
INSTALL_SCRIPT='${INSTALL}'
INSTALL_STRIP_PROGRAM='$(install_sh) -c -s'
LDFLAGS=''
LIBOBJS=''
LIBS=''
LTLIBOBJS=''
MAKEINFO='${SHELL} /home/RiboVision3/R2DT1_4/tRNAscan-SE-2.0.11/missing makeinfo'
MKDIR_P='/bin/mkdir -p'
OBJEXT='o'
PACKAGE='trnascan-se'
PACKAGE_BUGREPORT='pchan@soe.ucsc.edu'
PACKAGE_NAME='tRNAscan-SE'
PACKAGE_STRING='tRNAscan-SE 2.0.0'
PACKAGE_TARNAME='trnascan-se'
PACKAGE_URL=''
PACKAGE_VERSION='2.0.0'
PATH_SEPARATOR=':'
PERL='/bin/perl'
SET_MAKE=''
SHELL='/bin/sh'
STRIP=''
VERSION='2.0.0'
ac_ct_CC='gcc'
am__EXEEXT_FALSE=''
am__EXEEXT_TRUE='#'
am__fastdepCC_FALSE='#'
am__fastdepCC_TRUE=''
am__include='include'
am__isrc=''
am__leading_dot='.'
am__nodep='_no'
am__quote=''
am__tar='$${TAR-tar} chof - "$$tardir"'
am__untar='$${TAR-tar} xf -'
bindir='${exec_prefix}/bin'
build_alias=''
datadir='${datarootdir}'
datarootdir='${prefix}/share'
docdir='${datarootdir}/doc/${PACKAGE_TARNAME}'
dvidir='${docdir}'
exec_prefix='${prefix}'
host_alias=''
htmldir='${docdir}'
includedir='${prefix}/include'
infodir='${datarootdir}/info'
install_sh='${SHELL} /home/RiboVision3/R2DT1_4/tRNAscan-SE-2.0.11/install-sh'
libdir='${exec_prefix}/lib'
libexecdir='${exec_prefix}/libexec'
localedir='${datarootdir}/locale'
localstatedir='${prefix}/var'
mandir='${datarootdir}/man'
mkdir_p='$(MKDIR_P)'
oldincludedir='/usr/include'
pdfdir='${docdir}'
prefix='/install'
program_transform_name='s,x,x,'
psdir='${docdir}'
sbindir='${exec_prefix}/sbin'
sharedstatedir='${prefix}/com'
sysconfdir='${prefix}/etc'
target_alias=''

## ----------- ##
## confdefs.h. ##
## ----------- ##

/* confdefs.h */
#define PACKAGE_NAME "tRNAscan-SE"
#define PACKAGE_TARNAME "trnascan-se"
#define PACKAGE_VERSION "2.0.0"
#define PACKAGE_STRING "tRNAscan-SE 2.0.0"
#define PACKAGE_BUGREPORT "pchan@soe.ucsc.edu"
#define PACKAGE_URL ""
#define STDC_HEADERS 1
#define HAVE_SYS_TYPES_H 1
#define HAVE_SYS_STAT_H 1
#define HAVE_STDLIB_H 1
#define HAVE_STRING_H 1
#define HAVE_MEMORY_H 1
#define HAVE_STRINGS_H 1
#define HAVE_INTTYPES_H 1
#define HAVE_STDINT_H 1
#define HAVE_UNISTD_H 1
#define HAVE_ALLOCA_H 1
#define HAVE_ALLOCA 1
#define HAVE_LIMITS_H 1
#define HAVE_MEMORY_H 1
#define HAVE_STDDEF_H 1
#define HAVE_STDLIB_H 1
#define HAVE_STRING_H 1
#define HAVE_UNISTD_H 1
#define HAVE__BOOL 1
#define HAVE_STDLIB_H 1
#define HAVE_MALLOC 1
#define HAVE_STDLIB_H 1
#define HAVE_REALLOC 1
#define HAVE_BZERO 1
#define HAVE_MEMSET 1
#define HAVE_RE_COMP 1
#define HAVE_REGCOMP 1
#define HAVE_STRCASECMP 1
#define HAVE_STRCHR 1
#define HAVE_STRSTR 1
#define PACKAGE "trnascan-se"
#define VERSION "2.0.0"

configure: exit 0
