This file contains any messages produced by compilers while
running configure, to aid debugging if configure makes a mistake.

It was created by R-scape configure 2.0.2.d, which was
generated by GNU Autoconf 2.71.  Invocation command line was

  $ ./configure

## --------- ##
## Platform. ##
## --------- ##

hostname = dhcp-10-250-70-214.harvard.edu
uname -m = x86_64
uname -r = 22.6.0
uname -s = Darwin
uname -v = Darwin Kernel Version 22.6.0: Wed Jul  5 22:21:56 PDT 2023; root:xnu-8796.141.3~6/RELEASE_X86_64

/usr/bin/uname -p = i386
/bin/uname -X     = unknown

/bin/arch              = unknown
/usr/bin/arch -k       = unknown
/usr/convex/getsysinfo = unknown
/usr/bin/hostinfo      = Mach kernel version:
	 Darwin Kernel Version 22.6.0: Wed Jul  5 22:21:56 PDT 2023; root:xnu-8796.141.3~6/RELEASE_X86_64
Kernel configured for up to 8 processors.
4 processors are physically available.
8 processors are logically available.
Processor type: x86_64h (Intel x86-64h Haswell)
Processors active: 0 1 2 3 4 5 6 7
Primary memory available: 32.00 gigabytes
Default processor set: 707 tasks, 2858 threads, 8 processors
Load average: 1.92, Mach factor: 6.07
/bin/machine           = unknown
/usr/bin/oslevel       = unknown
/bin/universe          = unknown

PATH: /Users/erivas/anaconda3/bin/
PATH: /Users/erivas/anaconda3/condabin/
PATH: /Library/Frameworks/Python.framework/Versions/3.9/bin/
PATH: /opt/local/bin/
PATH: /opt/local/sbin/
PATH: /Users/erivas/anaconda/bin/
PATH: /usr/local/opt/ruby/bin/
PATH: /Users/erivas/alien-src/x3dna/x3dna-v2.4/bin/
PATH: /Users/erivas/perl5/bin/
PATH: /opt/local/libexec/gnubin/
PATH: /usr/local/bin/
PATH: /System/Cryptexes/App/usr/bin/
PATH: /usr/bin/
PATH: /bin/
PATH: /usr/sbin/
PATH: /sbin/
PATH: /Library/TeX/texbin/
PATH: /Library/Apple/usr/bin/
PATH: /var/run/com.apple.security.cryptexd/codex.system/bootstrap/usr/local/bin/
PATH: /var/run/com.apple.security.cryptexd/codex.system/bootstrap/usr/bin/
PATH: /var/run/com.apple.security.cryptexd/codex.system/bootstrap/usr/appleinternal/bin/
PATH: /usr/local/bin/
PATH: /Users/erivas/anaconda3/bin/
PATH: /usr/bin/
PATH: /Users/erivas/alien-src/go/go1.9/bin/
PATH: /bin/
PATH: /Users/erivas/.local/bin/


## ----------- ##
## Core tests. ##
## ----------- ##

configure:2551: looking for aux files: install-sh config.guess config.sub
configure:2564:  trying ./
configure:2575:   ./install-sh found
configure:2593:   ./config.guess found
configure:2593:   ./config.sub found
configure:2704: Configuring R-scape for your system.
configure:2918: checking build system type
configure:2933: result: x86_64-apple-darwin22.6.0
configure:2953: checking host system type
configure:2967: result: x86_64-apple-darwin22.6.0
configure:3186: checking whether to compile using MPI
configure:3193: result: no
configure:3365: checking for gcc
configure:3386: found /usr/bin/gcc
configure:3397: result: gcc
configure:3750: checking for C compiler version
configure:3759: gcc --version >&5
Apple clang version 11.0.3 (clang-1103.0.32.62)
Target: x86_64-apple-darwin22.6.0
Thread model: posix
InstalledDir: /Applications/Xcode.app/Contents/Developer/Toolchains/XcodeDefault.xctoolchain/usr/bin
Configured with: --prefix=/Applications/Xcode.app/Contents/Developer/usr --with-gxx-include-dir=/Applications/Xcode.app/Contents/Developer/Platforms/MacOSX.platform/Developer/SDKs/MacOSX.sdk/usr/include/c++/4.2.1
configure:3770: $? = 0
configure:3759: gcc -v >&5
Configured with: --prefix=/Applications/Xcode.app/Contents/Developer/usr --with-gxx-include-dir=/Applications/Xcode.app/Contents/Developer/Platforms/MacOSX.platform/Developer/SDKs/MacOSX.sdk/usr/include/c++/4.2.1
Apple clang version 11.0.3 (clang-1103.0.32.62)
Target: x86_64-apple-darwin22.6.0
Thread model: posix
InstalledDir: /Applications/Xcode.app/Contents/Developer/Toolchains/XcodeDefault.xctoolchain/usr/bin
configure:3770: $? = 0
configure:3759: gcc -V >&5
clang: error: unsupported option '-V -Wno-objc-signed-char-bool-implicit-int-conversion'
clang: error: no input files
configure:3770: $? = 1
configure:3759: gcc -qversion >&5
clang: error: unknown argument '-qversion'; did you mean '--version'?
clang: error: no input files
configure:3770: $? = 1
configure:3759: gcc -version >&5
clang: error: unknown argument '-version'; did you mean '--version'?
clang: error: no input files
configure:3770: $? = 1
configure:3790: checking whether the C compiler works
configure:3812: gcc    conftest.c  >&5
configure:3816: $? = 0
configure:3866: result: yes
configure:3869: checking for C compiler default output file name
configure:3871: result: a.out
configure:3877: checking for suffix of executables
configure:3884: gcc -o conftest    conftest.c  >&5
configure:3888: $? = 0
configure:3911: result: 
configure:3933: checking whether we are cross compiling
configure:3941: gcc -o conftest    conftest.c  >&5
configure:3945: $? = 0
configure:3952: ./conftest
configure:3956: $? = 0
configure:3971: result: no
configure:3976: checking for suffix of object files
configure:3999: gcc -c   conftest.c >&5
configure:4003: $? = 0
configure:4025: result: o
configure:4029: checking whether the compiler supports GNU C
configure:4049: gcc -c   conftest.c >&5
configure:4049: $? = 0
configure:4059: result: yes
configure:4070: checking whether gcc accepts -g
configure:4091: gcc -c -g  conftest.c >&5
configure:4091: $? = 0
configure:4135: result: yes
configure:4155: checking for gcc option to enable C11 features
configure:4170: gcc  -c -g -O2  conftest.c >&5
configure:4170: $? = 0
configure:4188: result: none needed
configure:4482: checking for gcc
configure:4514: result: gcc
configure:4867: checking for C compiler version
configure:4876: gcc --version >&5
Apple clang version 11.0.3 (clang-1103.0.32.62)
Target: x86_64-apple-darwin22.6.0
Thread model: posix
InstalledDir: /Applications/Xcode.app/Contents/Developer/Toolchains/XcodeDefault.xctoolchain/usr/bin
Configured with: --prefix=/Applications/Xcode.app/Contents/Developer/usr --with-gxx-include-dir=/Applications/Xcode.app/Contents/Developer/Platforms/MacOSX.platform/Developer/SDKs/MacOSX.sdk/usr/include/c++/4.2.1
configure:4887: $? = 0
configure:4876: gcc -v >&5
Configured with: --prefix=/Applications/Xcode.app/Contents/Developer/usr --with-gxx-include-dir=/Applications/Xcode.app/Contents/Developer/Platforms/MacOSX.platform/Developer/SDKs/MacOSX.sdk/usr/include/c++/4.2.1
Apple clang version 11.0.3 (clang-1103.0.32.62)
Target: x86_64-apple-darwin22.6.0
Thread model: posix
InstalledDir: /Applications/Xcode.app/Contents/Developer/Toolchains/XcodeDefault.xctoolchain/usr/bin
configure:4887: $? = 0
configure:4876: gcc -V >&5
clang: error: unsupported option '-V -Wno-objc-signed-char-bool-implicit-int-conversion'
clang: error: no input files
configure:4887: $? = 1
configure:4876: gcc -qversion >&5
clang: error: unknown argument '-qversion'; did you mean '--version'?
clang: error: no input files
configure:4887: $? = 1
configure:4876: gcc -version >&5
clang: error: unknown argument '-version'; did you mean '--version'?
clang: error: no input files
configure:4887: $? = 1
configure:4891: checking whether the compiler supports GNU C
configure:4921: result: yes
configure:4932: checking whether gcc accepts -g
configure:4997: result: yes
configure:5017: checking for gcc option to enable C11 features
configure:5050: result: none needed
configure:5165: checking how to run the C preprocessor
configure:5191: gcc -E  conftest.c
configure:5191: $? = 0
configure:5206: gcc -E  conftest.c
conftest.c:34:10: fatal error: 'ac_nonexistent.h' file not found
#include <ac_nonexistent.h>
         ^~~~~~~~~~~~~~~~~~
1 error generated.
configure:5206: $? = 1
configure: failed program was:
| /* confdefs.h */
| #define PACKAGE_NAME "R-scape"
| #define PACKAGE_TARNAME "R-scape"
| #define PACKAGE_VERSION "2.0.2.d"
| #define PACKAGE_STRING "R-scape 2.0.2.d"
| #define PACKAGE_BUGREPORT "elenarivas@fas.harvard.edu"
| #define PACKAGE_URL ""
| #define E2MSA_DATE "MARCH 2017"
| #define E2MSA_COPYRIGHT "Copyright (C) 2017 Howard Hughes Medical Institute."
| #define E2MSA_LICENSE "Freely distributed under the GNU General Public License (GPLv3)."
| #define E2MSA_VERSION "0.1.0"
| #define E2MSA_URL "http://selab.org/"
| #define RSCAPE_NAME "R-scape"
| #define RSCAPE_DATE "Sep 2023"
| #define RSCAPE_COPYRIGHT "Copyright (C) 2016 Howard Hughes Medical Institute."
| #define RSCAPE_LICENSE "Freely distributed under the GNU General Public License (GPLv3)."
| #define RSCAPE_VERSION "2.0.2.d"
| #define RSCAPE_URL "http://rivaslab.org/"
| #define RSCAPE_HOME "/Users/erivas/src/Mysrc/R-scape/versions/rscape/rscape_v2.0"
| #define RSCAPE_BIN "/Users/erivas/src/Mysrc/R-scape/versions/rscape/rscape_v2.0/bin"
| #define RSCAPE_SHARE "/Users/erivas/src/Mysrc/R-scape/versions/rscape/rscape_v2.0/share"
| #define RVIEW_NAME "R-view"
| #define RVIEW_DATE "Feb 2023"
| #define RVIEW_COPYRIGHT "Copyright (C) 2018 Howard Hughes Medical Institute."
| #define RVIEW_LICENSE "Freely distributed under the GNU General Public License (GPLv3)."
| #define RVIEW_VERSION "0.1"
| #define RVIEW_URL "http://rivaslab.org/"
| #define RVIEW_HOME "/Users/erivas/src/Mysrc/R-scape/versions/rscape/rscape_v2.0/lib/R-view"
| #define RVIEW_BIN ""
| #define RNAVIEW_HOME "/Users/erivas/src/Mysrc/R-scape/versions/rscape/rscape_v2.0/lib/RNAVIEW"
| #define eslDEBUGLEVEL 0
| #define GAPASCHAR 0
| /* end confdefs.h.  */
| #include <ac_nonexistent.h>
configure:5233: result: gcc -E
configure:5247: gcc -E  conftest.c
configure:5247: $? = 0
configure:5262: gcc -E  conftest.c
conftest.c:34:10: fatal error: 'ac_nonexistent.h' file not found
#include <ac_nonexistent.h>
         ^~~~~~~~~~~~~~~~~~
1 error generated.
configure:5262: $? = 1
configure: failed program was:
| /* confdefs.h */
| #define PACKAGE_NAME "R-scape"
| #define PACKAGE_TARNAME "R-scape"
| #define PACKAGE_VERSION "2.0.2.d"
| #define PACKAGE_STRING "R-scape 2.0.2.d"
| #define PACKAGE_BUGREPORT "elenarivas@fas.harvard.edu"
| #define PACKAGE_URL ""
| #define E2MSA_DATE "MARCH 2017"
| #define E2MSA_COPYRIGHT "Copyright (C) 2017 Howard Hughes Medical Institute."
| #define E2MSA_LICENSE "Freely distributed under the GNU General Public License (GPLv3)."
| #define E2MSA_VERSION "0.1.0"
| #define E2MSA_URL "http://selab.org/"
| #define RSCAPE_NAME "R-scape"
| #define RSCAPE_DATE "Sep 2023"
| #define RSCAPE_COPYRIGHT "Copyright (C) 2016 Howard Hughes Medical Institute."
| #define RSCAPE_LICENSE "Freely distributed under the GNU General Public License (GPLv3)."
| #define RSCAPE_VERSION "2.0.2.d"
| #define RSCAPE_URL "http://rivaslab.org/"
| #define RSCAPE_HOME "/Users/erivas/src/Mysrc/R-scape/versions/rscape/rscape_v2.0"
| #define RSCAPE_BIN "/Users/erivas/src/Mysrc/R-scape/versions/rscape/rscape_v2.0/bin"
| #define RSCAPE_SHARE "/Users/erivas/src/Mysrc/R-scape/versions/rscape/rscape_v2.0/share"
| #define RVIEW_NAME "R-view"
| #define RVIEW_DATE "Feb 2023"
| #define RVIEW_COPYRIGHT "Copyright (C) 2018 Howard Hughes Medical Institute."
| #define RVIEW_LICENSE "Freely distributed under the GNU General Public License (GPLv3)."
| #define RVIEW_VERSION "0.1"
| #define RVIEW_URL "http://rivaslab.org/"
| #define RVIEW_HOME "/Users/erivas/src/Mysrc/R-scape/versions/rscape/rscape_v2.0/lib/R-view"
| #define RVIEW_BIN ""
| #define RNAVIEW_HOME "/Users/erivas/src/Mysrc/R-scape/versions/rscape/rscape_v2.0/lib/RNAVIEW"
| #define eslDEBUGLEVEL 0
| #define GAPASCHAR 0
| /* end confdefs.h.  */
| #include <ac_nonexistent.h>
configure:5307: checking for a BSD-compatible install
configure:5380: result: /usr/bin/install -c
configure:5439: checking for ranlib
configure:5460: found /usr/bin/ranlib
configure:5471: result: ranlib
configure:5495: checking for ar
configure:5519: found /usr/bin/ar
configure:5532: result: /usr/bin/ar
configure:5540: checking whether ln -s works
configure:5544: result: yes
configure:5715: checking for a sed that does not truncate output
configure:5785: result: /usr/bin/sed
configure:5791: checking for grep that handles long lines and -e
configure:5855: result: /usr/bin/grep
configure:5860: checking for egrep
configure:5928: result: /usr/bin/grep -E
configure:6093: checking whether gcc is Clang
configure:6120: result: yes
configure:6185: checking whether pthreads work with "-pthread" and "-lpthread"
configure:6296: gcc -o conftest -g -O2 -O3 -pthread   conftest.c -lpthread  >&5
configure:6296: $? = 0
configure:6306: result: yes
configure:6355: checking whether Clang needs flag to prevent "argument unused" warning when linking with -pthread
configure:6382: gcc -o conftest -Werror -Wunknown-warning-option  -pthread -g -O2 -O3   conftest.c  >&5
configure:6382: $? = 0
configure:6389: (gcc -c -Werror -Wunknown-warning-option  -pthread -g -O2 -O3  conftest.c >&5) && (echo ==== >&5) && (gcc -o conftest -Werror -Wunknown-warning-option  -pthread -g -O2 -O3   conftest.o  >&5)
====
configure:6389: $? = 0
configure:6409: result: no
configure:6429: checking for joinable pthread attribute
configure:6448: gcc -o conftest -g -O2 -O3 -pthread   conftest.c -lpthread  >&5
configure:6448: $? = 0
configure:6457: result: PTHREAD_CREATE_JOINABLE
configure:6470: checking whether more special flags are required for pthreads
configure:6484: result: no
configure:6493: checking for PTHREAD_PRIO_INHERIT
configure:6511: gcc -o conftest -g -O2 -O3 -pthread   conftest.c -lpthread  >&5
configure:6511: $? = 0
configure:6521: result: yes
configure:6734: checking whether gcc can compile our NEON code
configure:6767: gcc -o conftest -g -O2 -O3   conftest.c  >&5
In file included from conftest.c:39:
/Applications/Xcode.app/Contents/Developer/Toolchains/XcodeDefault.xctoolchain/usr/lib/clang/11.0.3/include/arm_neon.h:28:2: error: "NEON support not enabled"
#error "NEON support not enabled"
 ^
/Applications/Xcode.app/Contents/Developer/Toolchains/XcodeDefault.xctoolchain/usr/lib/clang/11.0.3/include/arm_neon.h:48:24: error: 'neon_vector_type' attribute is not supported for this target
typedef __attribute__((neon_vector_type(8))) int8_t int8x8_t;
                       ^
/Applications/Xcode.app/Contents/Developer/Toolchains/XcodeDefault.xctoolchain/usr/lib/clang/11.0.3/include/arm_neon.h:49:24: error: 'neon_vector_type' attribute is not supported for this target
typedef __attribute__((neon_vector_type(16))) int8_t int8x16_t;
                       ^
/Applications/Xcode.app/Contents/Developer/Toolchains/XcodeDefault.xctoolchain/usr/lib/clang/11.0.3/include/arm_neon.h:50:24: error: 'neon_vector_type' attribute is not supported for this target
typedef __attribute__((neon_vector_type(4))) int16_t int16x4_t;
                       ^
/Applications/Xcode.app/Contents/Developer/Toolchains/XcodeDefault.xctoolchain/usr/lib/clang/11.0.3/include/arm_neon.h:51:24: error: 'neon_vector_type' attribute is not supported for this target
typedef __attribute__((neon_vector_type(8))) int16_t int16x8_t;
                       ^
/Applications/Xcode.app/Contents/Developer/Toolchains/XcodeDefault.xctoolchain/usr/lib/clang/11.0.3/include/arm_neon.h:52:24: error: 'neon_vector_type' attribute is not supported for this target
typedef __attribute__((neon_vector_type(2))) int32_t int32x2_t;
                       ^
/Applications/Xcode.app/Contents/Developer/Toolchains/XcodeDefault.xctoolchain/usr/lib/clang/11.0.3/include/arm_neon.h:53:24: error: 'neon_vector_type' attribute is not supported for this target
typedef __attribute__((neon_vector_type(4))) int32_t int32x4_t;
                       ^
/Applications/Xcode.app/Contents/Developer/Toolchains/XcodeDefault.xctoolchain/usr/lib/clang/11.0.3/include/arm_neon.h:54:24: error: 'neon_vector_type' attribute is not supported for this target
typedef __attribute__((neon_vector_type(1))) int64_t int64x1_t;
                       ^
/Applications/Xcode.app/Contents/Developer/Toolchains/XcodeDefault.xctoolchain/usr/lib/clang/11.0.3/include/arm_neon.h:55:24: error: 'neon_vector_type' attribute is not supported for this target
typedef __attribute__((neon_vector_type(2))) int64_t int64x2_t;
                       ^
/Applications/Xcode.app/Contents/Developer/Toolchains/XcodeDefault.xctoolchain/usr/lib/clang/11.0.3/include/arm_neon.h:56:24: error: 'neon_vector_type' attribute is not supported for this target
typedef __attribute__((neon_vector_type(8))) uint8_t uint8x8_t;
                       ^
/Applications/Xcode.app/Contents/Developer/Toolchains/XcodeDefault.xctoolchain/usr/lib/clang/11.0.3/include/arm_neon.h:57:24: error: 'neon_vector_type' attribute is not supported for this target
typedef __attribute__((neon_vector_type(16))) uint8_t uint8x16_t;
                       ^
/Applications/Xcode.app/Contents/Developer/Toolchains/XcodeDefault.xctoolchain/usr/lib/clang/11.0.3/include/arm_neon.h:58:24: error: 'neon_vector_type' attribute is not supported for this target
typedef __attribute__((neon_vector_type(4))) uint16_t uint16x4_t;
                       ^
/Applications/Xcode.app/Contents/Developer/Toolchains/XcodeDefault.xctoolchain/usr/lib/clang/11.0.3/include/arm_neon.h:59:24: error: 'neon_vector_type' attribute is not supported for this target
typedef __attribute__((neon_vector_type(8))) uint16_t uint16x8_t;
                       ^
/Applications/Xcode.app/Contents/Developer/Toolchains/XcodeDefault.xctoolchain/usr/lib/clang/11.0.3/include/arm_neon.h:60:24: error: 'neon_vector_type' attribute is not supported for this target
typedef __attribute__((neon_vector_type(2))) uint32_t uint32x2_t;
                       ^
/Applications/Xcode.app/Contents/Developer/Toolchains/XcodeDefault.xctoolchain/usr/lib/clang/11.0.3/include/arm_neon.h:61:24: error: 'neon_vector_type' attribute is not supported for this target
typedef __attribute__((neon_vector_type(4))) uint32_t uint32x4_t;
                       ^
/Applications/Xcode.app/Contents/Developer/Toolchains/XcodeDefault.xctoolchain/usr/lib/clang/11.0.3/include/arm_neon.h:62:24: error: 'neon_vector_type' attribute is not supported for this target
typedef __attribute__((neon_vector_type(1))) uint64_t uint64x1_t;
                       ^
/Applications/Xcode.app/Contents/Developer/Toolchains/XcodeDefault.xctoolchain/usr/lib/clang/11.0.3/include/arm_neon.h:63:24: error: 'neon_vector_type' attribute is not supported for this target
typedef __attribute__((neon_vector_type(2))) uint64_t uint64x2_t;
                       ^
/Applications/Xcode.app/Contents/Developer/Toolchains/XcodeDefault.xctoolchain/usr/lib/clang/11.0.3/include/arm_neon.h:64:24: error: 'neon_vector_type' attribute is not supported for this target
typedef __attribute__((neon_vector_type(4))) float16_t float16x4_t;
                       ^
/Applications/Xcode.app/Contents/Developer/Toolchains/XcodeDefault.xctoolchain/usr/lib/clang/11.0.3/include/arm_neon.h:65:24: error: 'neon_vector_type' attribute is not supported for this target
typedef __attribute__((neon_vector_type(8))) float16_t float16x8_t;
                       ^
fatal error: too many errors emitted, stopping now [-ferror-limit=]
20 errors generated.
configure:6767: $? = 1
configure: failed program was:
| /* confdefs.h */
| #define PACKAGE_NAME "R-scape"
| #define PACKAGE_TARNAME "R-scape"
| #define PACKAGE_VERSION "2.0.2.d"
| #define PACKAGE_STRING "R-scape 2.0.2.d"
| #define PACKAGE_BUGREPORT "elenarivas@fas.harvard.edu"
| #define PACKAGE_URL ""
| #define E2MSA_DATE "MARCH 2017"
| #define E2MSA_COPYRIGHT "Copyright (C) 2017 Howard Hughes Medical Institute."
| #define E2MSA_LICENSE "Freely distributed under the GNU General Public License (GPLv3)."
| #define E2MSA_VERSION "0.1.0"
| #define E2MSA_URL "http://selab.org/"
| #define RSCAPE_NAME "R-scape"
| #define RSCAPE_DATE "Sep 2023"
| #define RSCAPE_COPYRIGHT "Copyright (C) 2016 Howard Hughes Medical Institute."
| #define RSCAPE_LICENSE "Freely distributed under the GNU General Public License (GPLv3)."
| #define RSCAPE_VERSION "2.0.2.d"
| #define RSCAPE_URL "http://rivaslab.org/"
| #define RSCAPE_HOME "/Users/erivas/src/Mysrc/R-scape/versions/rscape/rscape_v2.0"
| #define RSCAPE_BIN "/Users/erivas/src/Mysrc/R-scape/versions/rscape/rscape_v2.0/bin"
| #define RSCAPE_SHARE "/Users/erivas/src/Mysrc/R-scape/versions/rscape/rscape_v2.0/share"
| #define RVIEW_NAME "R-view"
| #define RVIEW_DATE "Feb 2023"
| #define RVIEW_COPYRIGHT "Copyright (C) 2018 Howard Hughes Medical Institute."
| #define RVIEW_LICENSE "Freely distributed under the GNU General Public License (GPLv3)."
| #define RVIEW_VERSION "0.1"
| #define RVIEW_URL "http://rivaslab.org/"
| #define RVIEW_HOME "/Users/erivas/src/Mysrc/R-scape/versions/rscape/rscape_v2.0/lib/R-view"
| #define RVIEW_BIN ""
| #define RNAVIEW_HOME "/Users/erivas/src/Mysrc/R-scape/versions/rscape/rscape_v2.0/lib/RNAVIEW"
| #define eslDEBUGLEVEL 0
| #define GAPASCHAR 0
| #define HAVE_PTHREAD_PRIO_INHERIT 1
| #define HAVE_PTHREAD 1
| #define HMMER_THREADS 1
| /* end confdefs.h.  */
| 
| #include <stdint.h>
| #include <arm_neon.h>
| int stub_neon(void) {
|   int32x4_t v1 = vdupq_n_s32(42);
|   int32x4_t v2 = vdupq_n_s32(86);
|   union { int32x4_t v; int32_t x[4]; } v3;
|   v3.v = vaddq_s32(v1, v2);
|   return (int) v3.x[0];
| }
| int main(void) { if (stub_neon() != 128) return 1; else return 0; }
| 
configure:6767: gcc -o conftest -g -O2 -O3 -mfpu=neon   conftest.c  >&5
clang: warning: argument unused during compilation: '-mfpu=neon' [-Wunused-command-line-argument]
In file included from conftest.c:39:
/Applications/Xcode.app/Contents/Developer/Toolchains/XcodeDefault.xctoolchain/usr/lib/clang/11.0.3/include/arm_neon.h:28:2: error: "NEON support not enabled"
#error "NEON support not enabled"
 ^
/Applications/Xcode.app/Contents/Developer/Toolchains/XcodeDefault.xctoolchain/usr/lib/clang/11.0.3/include/arm_neon.h:48:24: error: 'neon_vector_type' attribute is not supported for this target
typedef __attribute__((neon_vector_type(8))) int8_t int8x8_t;
                       ^
/Applications/Xcode.app/Contents/Developer/Toolchains/XcodeDefault.xctoolchain/usr/lib/clang/11.0.3/include/arm_neon.h:49:24: error: 'neon_vector_type' attribute is not supported for this target
typedef __attribute__((neon_vector_type(16))) int8_t int8x16_t;
                       ^
/Applications/Xcode.app/Contents/Developer/Toolchains/XcodeDefault.xctoolchain/usr/lib/clang/11.0.3/include/arm_neon.h:50:24: error: 'neon_vector_type' attribute is not supported for this target
typedef __attribute__((neon_vector_type(4))) int16_t int16x4_t;
                       ^
/Applications/Xcode.app/Contents/Developer/Toolchains/XcodeDefault.xctoolchain/usr/lib/clang/11.0.3/include/arm_neon.h:51:24: error: 'neon_vector_type' attribute is not supported for this target
typedef __attribute__((neon_vector_type(8))) int16_t int16x8_t;
                       ^
/Applications/Xcode.app/Contents/Developer/Toolchains/XcodeDefault.xctoolchain/usr/lib/clang/11.0.3/include/arm_neon.h:52:24: error: 'neon_vector_type' attribute is not supported for this target
typedef __attribute__((neon_vector_type(2))) int32_t int32x2_t;
                       ^
/Applications/Xcode.app/Contents/Developer/Toolchains/XcodeDefault.xctoolchain/usr/lib/clang/11.0.3/include/arm_neon.h:53:24: error: 'neon_vector_type' attribute is not supported for this target
typedef __attribute__((neon_vector_type(4))) int32_t int32x4_t;
                       ^
/Applications/Xcode.app/Contents/Developer/Toolchains/XcodeDefault.xctoolchain/usr/lib/clang/11.0.3/include/arm_neon.h:54:24: error: 'neon_vector_type' attribute is not supported for this target
typedef __attribute__((neon_vector_type(1))) int64_t int64x1_t;
                       ^
/Applications/Xcode.app/Contents/Developer/Toolchains/XcodeDefault.xctoolchain/usr/lib/clang/11.0.3/include/arm_neon.h:55:24: error: 'neon_vector_type' attribute is not supported for this target
typedef __attribute__((neon_vector_type(2))) int64_t int64x2_t;
                       ^
/Applications/Xcode.app/Contents/Developer/Toolchains/XcodeDefault.xctoolchain/usr/lib/clang/11.0.3/include/arm_neon.h:56:24: error: 'neon_vector_type' attribute is not supported for this target
typedef __attribute__((neon_vector_type(8))) uint8_t uint8x8_t;
                       ^
/Applications/Xcode.app/Contents/Developer/Toolchains/XcodeDefault.xctoolchain/usr/lib/clang/11.0.3/include/arm_neon.h:57:24: error: 'neon_vector_type' attribute is not supported for this target
typedef __attribute__((neon_vector_type(16))) uint8_t uint8x16_t;
                       ^
/Applications/Xcode.app/Contents/Developer/Toolchains/XcodeDefault.xctoolchain/usr/lib/clang/11.0.3/include/arm_neon.h:58:24: error: 'neon_vector_type' attribute is not supported for this target
typedef __attribute__((neon_vector_type(4))) uint16_t uint16x4_t;
                       ^
/Applications/Xcode.app/Contents/Developer/Toolchains/XcodeDefault.xctoolchain/usr/lib/clang/11.0.3/include/arm_neon.h:59:24: error: 'neon_vector_type' attribute is not supported for this target
typedef __attribute__((neon_vector_type(8))) uint16_t uint16x8_t;
                       ^
/Applications/Xcode.app/Contents/Developer/Toolchains/XcodeDefault.xctoolchain/usr/lib/clang/11.0.3/include/arm_neon.h:60:24: error: 'neon_vector_type' attribute is not supported for this target
typedef __attribute__((neon_vector_type(2))) uint32_t uint32x2_t;
                       ^
/Applications/Xcode.app/Contents/Developer/Toolchains/XcodeDefault.xctoolchain/usr/lib/clang/11.0.3/include/arm_neon.h:61:24: error: 'neon_vector_type' attribute is not supported for this target
typedef __attribute__((neon_vector_type(4))) uint32_t uint32x4_t;
                       ^
/Applications/Xcode.app/Contents/Developer/Toolchains/XcodeDefault.xctoolchain/usr/lib/clang/11.0.3/include/arm_neon.h:62:24: error: 'neon_vector_type' attribute is not supported for this target
typedef __attribute__((neon_vector_type(1))) uint64_t uint64x1_t;
                       ^
/Applications/Xcode.app/Contents/Developer/Toolchains/XcodeDefault.xctoolchain/usr/lib/clang/11.0.3/include/arm_neon.h:63:24: error: 'neon_vector_type' attribute is not supported for this target
typedef __attribute__((neon_vector_type(2))) uint64_t uint64x2_t;
                       ^
/Applications/Xcode.app/Contents/Developer/Toolchains/XcodeDefault.xctoolchain/usr/lib/clang/11.0.3/include/arm_neon.h:64:24: error: 'neon_vector_type' attribute is not supported for this target
typedef __attribute__((neon_vector_type(4))) float16_t float16x4_t;
                       ^
/Applications/Xcode.app/Contents/Developer/Toolchains/XcodeDefault.xctoolchain/usr/lib/clang/11.0.3/include/arm_neon.h:65:24: error: 'neon_vector_type' attribute is not supported for this target
typedef __attribute__((neon_vector_type(8))) float16_t float16x8_t;
                       ^
fatal error: too many errors emitted, stopping now [-ferror-limit=]
20 errors generated.
configure:6767: $? = 1
configure: failed program was:
| /* confdefs.h */
| #define PACKAGE_NAME "R-scape"
| #define PACKAGE_TARNAME "R-scape"
| #define PACKAGE_VERSION "2.0.2.d"
| #define PACKAGE_STRING "R-scape 2.0.2.d"
| #define PACKAGE_BUGREPORT "elenarivas@fas.harvard.edu"
| #define PACKAGE_URL ""
| #define E2MSA_DATE "MARCH 2017"
| #define E2MSA_COPYRIGHT "Copyright (C) 2017 Howard Hughes Medical Institute."
| #define E2MSA_LICENSE "Freely distributed under the GNU General Public License (GPLv3)."
| #define E2MSA_VERSION "0.1.0"
| #define E2MSA_URL "http://selab.org/"
| #define RSCAPE_NAME "R-scape"
| #define RSCAPE_DATE "Sep 2023"
| #define RSCAPE_COPYRIGHT "Copyright (C) 2016 Howard Hughes Medical Institute."
| #define RSCAPE_LICENSE "Freely distributed under the GNU General Public License (GPLv3)."
| #define RSCAPE_VERSION "2.0.2.d"
| #define RSCAPE_URL "http://rivaslab.org/"
| #define RSCAPE_HOME "/Users/erivas/src/Mysrc/R-scape/versions/rscape/rscape_v2.0"
| #define RSCAPE_BIN "/Users/erivas/src/Mysrc/R-scape/versions/rscape/rscape_v2.0/bin"
| #define RSCAPE_SHARE "/Users/erivas/src/Mysrc/R-scape/versions/rscape/rscape_v2.0/share"
| #define RVIEW_NAME "R-view"
| #define RVIEW_DATE "Feb 2023"
| #define RVIEW_COPYRIGHT "Copyright (C) 2018 Howard Hughes Medical Institute."
| #define RVIEW_LICENSE "Freely distributed under the GNU General Public License (GPLv3)."
| #define RVIEW_VERSION "0.1"
| #define RVIEW_URL "http://rivaslab.org/"
| #define RVIEW_HOME "/Users/erivas/src/Mysrc/R-scape/versions/rscape/rscape_v2.0/lib/R-view"
| #define RVIEW_BIN ""
| #define RNAVIEW_HOME "/Users/erivas/src/Mysrc/R-scape/versions/rscape/rscape_v2.0/lib/RNAVIEW"
| #define eslDEBUGLEVEL 0
| #define GAPASCHAR 0
| #define HAVE_PTHREAD_PRIO_INHERIT 1
| #define HAVE_PTHREAD 1
| #define HMMER_THREADS 1
| /* end confdefs.h.  */
| 
| #include <stdint.h>
| #include <arm_neon.h>
| int stub_neon(void) {
|   int32x4_t v1 = vdupq_n_s32(42);
|   int32x4_t v2 = vdupq_n_s32(86);
|   union { int32x4_t v; int32_t x[4]; } v3;
|   v3.v = vaddq_s32(v1, v2);
|   return (int) v3.x[0];
| }
| int main(void) { if (stub_neon() != 128) return 1; else return 0; }
| 
configure:6795: gcc -o conftest -g -O2 -O3 -mfpu=neon   conftest.c  >&5
clang: warning: argument unused during compilation: '-mfpu=neon' [-Wunused-command-line-argument]
In file included from conftest.c:39:
/Applications/Xcode.app/Contents/Developer/Toolchains/XcodeDefault.xctoolchain/usr/lib/clang/11.0.3/include/arm_neon.h:28:2: error: "NEON support not enabled"
#error "NEON support not enabled"
 ^
/Applications/Xcode.app/Contents/Developer/Toolchains/XcodeDefault.xctoolchain/usr/lib/clang/11.0.3/include/arm_neon.h:48:24: error: 'neon_vector_type' attribute is not supported for this target
typedef __attribute__((neon_vector_type(8))) int8_t int8x8_t;
                       ^
/Applications/Xcode.app/Contents/Developer/Toolchains/XcodeDefault.xctoolchain/usr/lib/clang/11.0.3/include/arm_neon.h:49:24: error: 'neon_vector_type' attribute is not supported for this target
typedef __attribute__((neon_vector_type(16))) int8_t int8x16_t;
                       ^
/Applications/Xcode.app/Contents/Developer/Toolchains/XcodeDefault.xctoolchain/usr/lib/clang/11.0.3/include/arm_neon.h:50:24: error: 'neon_vector_type' attribute is not supported for this target
typedef __attribute__((neon_vector_type(4))) int16_t int16x4_t;
                       ^
/Applications/Xcode.app/Contents/Developer/Toolchains/XcodeDefault.xctoolchain/usr/lib/clang/11.0.3/include/arm_neon.h:51:24: error: 'neon_vector_type' attribute is not supported for this target
typedef __attribute__((neon_vector_type(8))) int16_t int16x8_t;
                       ^
/Applications/Xcode.app/Contents/Developer/Toolchains/XcodeDefault.xctoolchain/usr/lib/clang/11.0.3/include/arm_neon.h:52:24: error: 'neon_vector_type' attribute is not supported for this target
typedef __attribute__((neon_vector_type(2))) int32_t int32x2_t;
                       ^
/Applications/Xcode.app/Contents/Developer/Toolchains/XcodeDefault.xctoolchain/usr/lib/clang/11.0.3/include/arm_neon.h:53:24: error: 'neon_vector_type' attribute is not supported for this target
typedef __attribute__((neon_vector_type(4))) int32_t int32x4_t;
                       ^
/Applications/Xcode.app/Contents/Developer/Toolchains/XcodeDefault.xctoolchain/usr/lib/clang/11.0.3/include/arm_neon.h:54:24: error: 'neon_vector_type' attribute is not supported for this target
typedef __attribute__((neon_vector_type(1))) int64_t int64x1_t;
                       ^
/Applications/Xcode.app/Contents/Developer/Toolchains/XcodeDefault.xctoolchain/usr/lib/clang/11.0.3/include/arm_neon.h:55:24: error: 'neon_vector_type' attribute is not supported for this target
typedef __attribute__((neon_vector_type(2))) int64_t int64x2_t;
                       ^
/Applications/Xcode.app/Contents/Developer/Toolchains/XcodeDefault.xctoolchain/usr/lib/clang/11.0.3/include/arm_neon.h:56:24: error: 'neon_vector_type' attribute is not supported for this target
typedef __attribute__((neon_vector_type(8))) uint8_t uint8x8_t;
                       ^
/Applications/Xcode.app/Contents/Developer/Toolchains/XcodeDefault.xctoolchain/usr/lib/clang/11.0.3/include/arm_neon.h:57:24: error: 'neon_vector_type' attribute is not supported for this target
typedef __attribute__((neon_vector_type(16))) uint8_t uint8x16_t;
                       ^
/Applications/Xcode.app/Contents/Developer/Toolchains/XcodeDefault.xctoolchain/usr/lib/clang/11.0.3/include/arm_neon.h:58:24: error: 'neon_vector_type' attribute is not supported for this target
typedef __attribute__((neon_vector_type(4))) uint16_t uint16x4_t;
                       ^
/Applications/Xcode.app/Contents/Developer/Toolchains/XcodeDefault.xctoolchain/usr/lib/clang/11.0.3/include/arm_neon.h:59:24: error: 'neon_vector_type' attribute is not supported for this target
typedef __attribute__((neon_vector_type(8))) uint16_t uint16x8_t;
                       ^
/Applications/Xcode.app/Contents/Developer/Toolchains/XcodeDefault.xctoolchain/usr/lib/clang/11.0.3/include/arm_neon.h:60:24: error: 'neon_vector_type' attribute is not supported for this target
typedef __attribute__((neon_vector_type(2))) uint32_t uint32x2_t;
                       ^
/Applications/Xcode.app/Contents/Developer/Toolchains/XcodeDefault.xctoolchain/usr/lib/clang/11.0.3/include/arm_neon.h:61:24: error: 'neon_vector_type' attribute is not supported for this target
typedef __attribute__((neon_vector_type(4))) uint32_t uint32x4_t;
                       ^
/Applications/Xcode.app/Contents/Developer/Toolchains/XcodeDefault.xctoolchain/usr/lib/clang/11.0.3/include/arm_neon.h:62:24: error: 'neon_vector_type' attribute is not supported for this target
typedef __attribute__((neon_vector_type(1))) uint64_t uint64x1_t;
                       ^
/Applications/Xcode.app/Contents/Developer/Toolchains/XcodeDefault.xctoolchain/usr/lib/clang/11.0.3/include/arm_neon.h:63:24: error: 'neon_vector_type' attribute is not supported for this target
typedef __attribute__((neon_vector_type(2))) uint64_t uint64x2_t;
                       ^
/Applications/Xcode.app/Contents/Developer/Toolchains/XcodeDefault.xctoolchain/usr/lib/clang/11.0.3/include/arm_neon.h:64:24: error: 'neon_vector_type' attribute is not supported for this target
typedef __attribute__((neon_vector_type(4))) float16_t float16x4_t;
                       ^
/Applications/Xcode.app/Contents/Developer/Toolchains/XcodeDefault.xctoolchain/usr/lib/clang/11.0.3/include/arm_neon.h:65:24: error: 'neon_vector_type' attribute is not supported for this target
typedef __attribute__((neon_vector_type(8))) float16_t float16x8_t;
                       ^
fatal error: too many errors emitted, stopping now [-ferror-limit=]
20 errors generated.
configure:6795: $? = 1
configure: failed program was:
| /* confdefs.h */
| #define PACKAGE_NAME "R-scape"
| #define PACKAGE_TARNAME "R-scape"
| #define PACKAGE_VERSION "2.0.2.d"
| #define PACKAGE_STRING "R-scape 2.0.2.d"
| #define PACKAGE_BUGREPORT "elenarivas@fas.harvard.edu"
| #define PACKAGE_URL ""
| #define E2MSA_DATE "MARCH 2017"
| #define E2MSA_COPYRIGHT "Copyright (C) 2017 Howard Hughes Medical Institute."
| #define E2MSA_LICENSE "Freely distributed under the GNU General Public License (GPLv3)."
| #define E2MSA_VERSION "0.1.0"
| #define E2MSA_URL "http://selab.org/"
| #define RSCAPE_NAME "R-scape"
| #define RSCAPE_DATE "Sep 2023"
| #define RSCAPE_COPYRIGHT "Copyright (C) 2016 Howard Hughes Medical Institute."
| #define RSCAPE_LICENSE "Freely distributed under the GNU General Public License (GPLv3)."
| #define RSCAPE_VERSION "2.0.2.d"
| #define RSCAPE_URL "http://rivaslab.org/"
| #define RSCAPE_HOME "/Users/erivas/src/Mysrc/R-scape/versions/rscape/rscape_v2.0"
| #define RSCAPE_BIN "/Users/erivas/src/Mysrc/R-scape/versions/rscape/rscape_v2.0/bin"
| #define RSCAPE_SHARE "/Users/erivas/src/Mysrc/R-scape/versions/rscape/rscape_v2.0/share"
| #define RVIEW_NAME "R-view"
| #define RVIEW_DATE "Feb 2023"
| #define RVIEW_COPYRIGHT "Copyright (C) 2018 Howard Hughes Medical Institute."
| #define RVIEW_LICENSE "Freely distributed under the GNU General Public License (GPLv3)."
| #define RVIEW_VERSION "0.1"
| #define RVIEW_URL "http://rivaslab.org/"
| #define RVIEW_HOME "/Users/erivas/src/Mysrc/R-scape/versions/rscape/rscape_v2.0/lib/R-view"
| #define RVIEW_BIN ""
| #define RNAVIEW_HOME "/Users/erivas/src/Mysrc/R-scape/versions/rscape/rscape_v2.0/lib/RNAVIEW"
| #define eslDEBUGLEVEL 0
| #define GAPASCHAR 0
| #define HAVE_PTHREAD_PRIO_INHERIT 1
| #define HAVE_PTHREAD 1
| #define HMMER_THREADS 1
| /* end confdefs.h.  */
| 
| #include <stdint.h>
| #include <arm_neon.h>
| int main(void) {
|   int16x8_t   a1 = { 1, 2, 8, 3, 4, 5, 6, 7 };
|   int16_t     r1 = vmaxvq_s16(a1); // = 8 : horizontal max
|   uint8x16_t  a2 = { 1, 2, 16, 3, 4, 5, 6, 7, 8, 9, 10, 11, 12, 13, 14, 15 };
|   uint8_t     r2 = vmaxvq_u8(a2);  // = 16 : horizontal max
|   float32x4_t a3 = { 1.0, 2.0, 3.0, 4.0 };
|   float       r3 = vaddvq_f32(a3); // = 10.0 : horizontal sum
|   return 0;
| }
| 
configure:6804: result: no
configure:6864: checking whether gcc can compile our Altivec/VMX code
configure:6896: gcc -o conftest -g -O2 -O3   conftest.c  >&5
In file included from conftest.c:38:
/Applications/Xcode.app/Contents/Developer/Toolchains/XcodeDefault.xctoolchain/usr/lib/clang/11.0.3/include/altivec.h:13:2: error: "AltiVec support not enabled"
#error "AltiVec support not enabled"
 ^
/Applications/Xcode.app/Contents/Developer/Toolchains/XcodeDefault.xctoolchain/usr/lib/clang/11.0.3/include/altivec.h:48:19: error: unknown type name 'vector'
static __inline__ vector signed char __ATTRS_o_ai vec_perm(
                  ^
/Applications/Xcode.app/Contents/Developer/Toolchains/XcodeDefault.xctoolchain/usr/lib/clang/11.0.3/include/altivec.h:49:5: error: unknown type name 'vector'
    vector signed char __a, vector signed char __b, vector unsigned char __c);
    ^
/Applications/Xcode.app/Contents/Developer/Toolchains/XcodeDefault.xctoolchain/usr/lib/clang/11.0.3/include/altivec.h:49:29: error: unknown type name 'vector'
    vector signed char __a, vector signed char __b, vector unsigned char __c);
                            ^
/Applications/Xcode.app/Contents/Developer/Toolchains/XcodeDefault.xctoolchain/usr/lib/clang/11.0.3/include/altivec.h:49:53: error: unknown type name 'vector'
    vector signed char __a, vector signed char __b, vector unsigned char __c);
                                                    ^
/Applications/Xcode.app/Contents/Developer/Toolchains/XcodeDefault.xctoolchain/usr/lib/clang/11.0.3/include/altivec.h:51:19: error: unknown type name 'vector'
static __inline__ vector unsigned char __ATTRS_o_ai
                  ^
/Applications/Xcode.app/Contents/Developer/Toolchains/XcodeDefault.xctoolchain/usr/lib/clang/11.0.3/include/altivec.h:52:10: error: unknown type name 'vector'
vec_perm(vector unsigned char __a, vector unsigned char __b,
         ^
/Applications/Xcode.app/Contents/Developer/Toolchains/XcodeDefault.xctoolchain/usr/lib/clang/11.0.3/include/altivec.h:52:36: error: unknown type name 'vector'
vec_perm(vector unsigned char __a, vector unsigned char __b,
                                   ^
/Applications/Xcode.app/Contents/Developer/Toolchains/XcodeDefault.xctoolchain/usr/lib/clang/11.0.3/include/altivec.h:53:10: error: unknown type name 'vector'
         vector unsigned char __c);
         ^
/Applications/Xcode.app/Contents/Developer/Toolchains/XcodeDefault.xctoolchain/usr/lib/clang/11.0.3/include/altivec.h:55:19: error: unknown type name 'vector'
static __inline__ vector bool char __ATTRS_o_ai
                  ^
/Applications/Xcode.app/Contents/Developer/Toolchains/XcodeDefault.xctoolchain/usr/lib/clang/11.0.3/include/altivec.h:55:8: error: 'inline' can only appear on functions
static __inline__ vector bool char __ATTRS_o_ai
       ^
/Applications/Xcode.app/Contents/Developer/Toolchains/XcodeDefault.xctoolchain/usr/lib/clang/11.0.3/include/altivec.h:55:30: error: expected ';' after top level declarator
static __inline__ vector bool char __ATTRS_o_ai
                             ^
/Applications/Xcode.app/Contents/Developer/Toolchains/XcodeDefault.xctoolchain/usr/lib/clang/11.0.3/include/altivec.h:56:10: error: unknown type name 'vector'
vec_perm(vector bool char __a, vector bool char __b, vector unsigned char __c);
         ^
/Applications/Xcode.app/Contents/Developer/Toolchains/XcodeDefault.xctoolchain/usr/lib/clang/11.0.3/include/altivec.h:56:22: error: expected ')'
vec_perm(vector bool char __a, vector bool char __b, vector unsigned char __c);
                     ^
/Applications/Xcode.app/Contents/Developer/Toolchains/XcodeDefault.xctoolchain/usr/lib/clang/11.0.3/include/altivec.h:56:9: note: to match this '('
vec_perm(vector bool char __a, vector bool char __b, vector unsigned char __c);
        ^
/Applications/Xcode.app/Contents/Developer/Toolchains/XcodeDefault.xctoolchain/usr/lib/clang/11.0.3/include/altivec.h:58:19: error: unknown type name 'vector'
static __inline__ vector short __ATTRS_o_ai vec_perm(vector signed short __a,
                  ^
/Applications/Xcode.app/Contents/Developer/Toolchains/XcodeDefault.xctoolchain/usr/lib/clang/11.0.3/include/altivec.h:58:54: error: unknown type name 'vector'
static __inline__ vector short __ATTRS_o_ai vec_perm(vector signed short __a,
                                                     ^
/Applications/Xcode.app/Contents/Developer/Toolchains/XcodeDefault.xctoolchain/usr/lib/clang/11.0.3/include/altivec.h:59:54: error: unknown type name 'vector'
                                                     vector signed short __b,
                                                     ^
/Applications/Xcode.app/Contents/Developer/Toolchains/XcodeDefault.xctoolchain/usr/lib/clang/11.0.3/include/altivec.h:60:54: error: unknown type name 'vector'
                                                     vector unsigned char __c);
                                                     ^
/Applications/Xcode.app/Contents/Developer/Toolchains/XcodeDefault.xctoolchain/usr/lib/clang/11.0.3/include/altivec.h:62:19: error: unknown type name 'vector'
static __inline__ vector unsigned short __ATTRS_o_ai
                  ^
fatal error: too many errors emitted, stopping now [-ferror-limit=]
20 errors generated.
configure:6896: $? = 1
configure: failed program was:
| /* confdefs.h */
| #define PACKAGE_NAME "R-scape"
| #define PACKAGE_TARNAME "R-scape"
| #define PACKAGE_VERSION "2.0.2.d"
| #define PACKAGE_STRING "R-scape 2.0.2.d"
| #define PACKAGE_BUGREPORT "elenarivas@fas.harvard.edu"
| #define PACKAGE_URL ""
| #define E2MSA_DATE "MARCH 2017"
| #define E2MSA_COPYRIGHT "Copyright (C) 2017 Howard Hughes Medical Institute."
| #define E2MSA_LICENSE "Freely distributed under the GNU General Public License (GPLv3)."
| #define E2MSA_VERSION "0.1.0"
| #define E2MSA_URL "http://selab.org/"
| #define RSCAPE_NAME "R-scape"
| #define RSCAPE_DATE "Sep 2023"
| #define RSCAPE_COPYRIGHT "Copyright (C) 2016 Howard Hughes Medical Institute."
| #define RSCAPE_LICENSE "Freely distributed under the GNU General Public License (GPLv3)."
| #define RSCAPE_VERSION "2.0.2.d"
| #define RSCAPE_URL "http://rivaslab.org/"
| #define RSCAPE_HOME "/Users/erivas/src/Mysrc/R-scape/versions/rscape/rscape_v2.0"
| #define RSCAPE_BIN "/Users/erivas/src/Mysrc/R-scape/versions/rscape/rscape_v2.0/bin"
| #define RSCAPE_SHARE "/Users/erivas/src/Mysrc/R-scape/versions/rscape/rscape_v2.0/share"
| #define RVIEW_NAME "R-view"
| #define RVIEW_DATE "Feb 2023"
| #define RVIEW_COPYRIGHT "Copyright (C) 2018 Howard Hughes Medical Institute."
| #define RVIEW_LICENSE "Freely distributed under the GNU General Public License (GPLv3)."
| #define RVIEW_VERSION "0.1"
| #define RVIEW_URL "http://rivaslab.org/"
| #define RVIEW_HOME "/Users/erivas/src/Mysrc/R-scape/versions/rscape/rscape_v2.0/lib/R-view"
| #define RVIEW_BIN ""
| #define RNAVIEW_HOME "/Users/erivas/src/Mysrc/R-scape/versions/rscape/rscape_v2.0/lib/RNAVIEW"
| #define eslDEBUGLEVEL 0
| #define GAPASCHAR 0
| #define HAVE_PTHREAD_PRIO_INHERIT 1
| #define HAVE_PTHREAD 1
| #define HMMER_THREADS 1
| /* end confdefs.h.  */
| 
| #include <altivec.h>
| #include <stdint.h>
| int stub_vmx(void) {
| vector signed int v1,v2;
| union { vector signed int v; int32_t x[4]; } v3;
| v1   = vec_splat_s32(6);
| v2   = vec_splat_s32(12);
| v3.v = vec_add(v1,v2);
| return (int) v3.x[0];}
| int main(void) { if (stub_vmx() != 18) return 1; else return 0; }
| 
configure:6896: gcc -o conftest -g -O2 -O3 -maltivec   conftest.c  >&5
clang: warning: argument unused during compilation: '-maltivec' [-Wunused-command-line-argument]
In file included from conftest.c:38:
/Applications/Xcode.app/Contents/Developer/Toolchains/XcodeDefault.xctoolchain/usr/lib/clang/11.0.3/include/altivec.h:13:2: error: "AltiVec support not enabled"
#error "AltiVec support not enabled"
 ^
/Applications/Xcode.app/Contents/Developer/Toolchains/XcodeDefault.xctoolchain/usr/lib/clang/11.0.3/include/altivec.h:48:19: error: unknown type name 'vector'
static __inline__ vector signed char __ATTRS_o_ai vec_perm(
                  ^
/Applications/Xcode.app/Contents/Developer/Toolchains/XcodeDefault.xctoolchain/usr/lib/clang/11.0.3/include/altivec.h:49:5: error: unknown type name 'vector'
    vector signed char __a, vector signed char __b, vector unsigned char __c);
    ^
/Applications/Xcode.app/Contents/Developer/Toolchains/XcodeDefault.xctoolchain/usr/lib/clang/11.0.3/include/altivec.h:49:29: error: unknown type name 'vector'
    vector signed char __a, vector signed char __b, vector unsigned char __c);
                            ^
/Applications/Xcode.app/Contents/Developer/Toolchains/XcodeDefault.xctoolchain/usr/lib/clang/11.0.3/include/altivec.h:49:53: error: unknown type name 'vector'
    vector signed char __a, vector signed char __b, vector unsigned char __c);
                                                    ^
/Applications/Xcode.app/Contents/Developer/Toolchains/XcodeDefault.xctoolchain/usr/lib/clang/11.0.3/include/altivec.h:51:19: error: unknown type name 'vector'
static __inline__ vector unsigned char __ATTRS_o_ai
                  ^
/Applications/Xcode.app/Contents/Developer/Toolchains/XcodeDefault.xctoolchain/usr/lib/clang/11.0.3/include/altivec.h:52:10: error: unknown type name 'vector'
vec_perm(vector unsigned char __a, vector unsigned char __b,
         ^
/Applications/Xcode.app/Contents/Developer/Toolchains/XcodeDefault.xctoolchain/usr/lib/clang/11.0.3/include/altivec.h:52:36: error: unknown type name 'vector'
vec_perm(vector unsigned char __a, vector unsigned char __b,
                                   ^
/Applications/Xcode.app/Contents/Developer/Toolchains/XcodeDefault.xctoolchain/usr/lib/clang/11.0.3/include/altivec.h:53:10: error: unknown type name 'vector'
         vector unsigned char __c);
         ^
/Applications/Xcode.app/Contents/Developer/Toolchains/XcodeDefault.xctoolchain/usr/lib/clang/11.0.3/include/altivec.h:55:19: error: unknown type name 'vector'
static __inline__ vector bool char __ATTRS_o_ai
                  ^
/Applications/Xcode.app/Contents/Developer/Toolchains/XcodeDefault.xctoolchain/usr/lib/clang/11.0.3/include/altivec.h:55:8: error: 'inline' can only appear on functions
static __inline__ vector bool char __ATTRS_o_ai
       ^
/Applications/Xcode.app/Contents/Developer/Toolchains/XcodeDefault.xctoolchain/usr/lib/clang/11.0.3/include/altivec.h:55:30: error: expected ';' after top level declarator
static __inline__ vector bool char __ATTRS_o_ai
                             ^
/Applications/Xcode.app/Contents/Developer/Toolchains/XcodeDefault.xctoolchain/usr/lib/clang/11.0.3/include/altivec.h:56:10: error: unknown type name 'vector'
vec_perm(vector bool char __a, vector bool char __b, vector unsigned char __c);
         ^
/Applications/Xcode.app/Contents/Developer/Toolchains/XcodeDefault.xctoolchain/usr/lib/clang/11.0.3/include/altivec.h:56:22: error: expected ')'
vec_perm(vector bool char __a, vector bool char __b, vector unsigned char __c);
                     ^
/Applications/Xcode.app/Contents/Developer/Toolchains/XcodeDefault.xctoolchain/usr/lib/clang/11.0.3/include/altivec.h:56:9: note: to match this '('
vec_perm(vector bool char __a, vector bool char __b, vector unsigned char __c);
        ^
/Applications/Xcode.app/Contents/Developer/Toolchains/XcodeDefault.xctoolchain/usr/lib/clang/11.0.3/include/altivec.h:58:19: error: unknown type name 'vector'
static __inline__ vector short __ATTRS_o_ai vec_perm(vector signed short __a,
                  ^
/Applications/Xcode.app/Contents/Developer/Toolchains/XcodeDefault.xctoolchain/usr/lib/clang/11.0.3/include/altivec.h:58:54: error: unknown type name 'vector'
static __inline__ vector short __ATTRS_o_ai vec_perm(vector signed short __a,
                                                     ^
/Applications/Xcode.app/Contents/Developer/Toolchains/XcodeDefault.xctoolchain/usr/lib/clang/11.0.3/include/altivec.h:59:54: error: unknown type name 'vector'
                                                     vector signed short __b,
                                                     ^
/Applications/Xcode.app/Contents/Developer/Toolchains/XcodeDefault.xctoolchain/usr/lib/clang/11.0.3/include/altivec.h:60:54: error: unknown type name 'vector'
                                                     vector unsigned char __c);
                                                     ^
/Applications/Xcode.app/Contents/Developer/Toolchains/XcodeDefault.xctoolchain/usr/lib/clang/11.0.3/include/altivec.h:62:19: error: unknown type name 'vector'
static __inline__ vector unsigned short __ATTRS_o_ai
                  ^
fatal error: too many errors emitted, stopping now [-ferror-limit=]
20 errors generated.
configure:6896: $? = 1
configure: failed program was:
| /* confdefs.h */
| #define PACKAGE_NAME "R-scape"
| #define PACKAGE_TARNAME "R-scape"
| #define PACKAGE_VERSION "2.0.2.d"
| #define PACKAGE_STRING "R-scape 2.0.2.d"
| #define PACKAGE_BUGREPORT "elenarivas@fas.harvard.edu"
| #define PACKAGE_URL ""
| #define E2MSA_DATE "MARCH 2017"
| #define E2MSA_COPYRIGHT "Copyright (C) 2017 Howard Hughes Medical Institute."
| #define E2MSA_LICENSE "Freely distributed under the GNU General Public License (GPLv3)."
| #define E2MSA_VERSION "0.1.0"
| #define E2MSA_URL "http://selab.org/"
| #define RSCAPE_NAME "R-scape"
| #define RSCAPE_DATE "Sep 2023"
| #define RSCAPE_COPYRIGHT "Copyright (C) 2016 Howard Hughes Medical Institute."
| #define RSCAPE_LICENSE "Freely distributed under the GNU General Public License (GPLv3)."
| #define RSCAPE_VERSION "2.0.2.d"
| #define RSCAPE_URL "http://rivaslab.org/"
| #define RSCAPE_HOME "/Users/erivas/src/Mysrc/R-scape/versions/rscape/rscape_v2.0"
| #define RSCAPE_BIN "/Users/erivas/src/Mysrc/R-scape/versions/rscape/rscape_v2.0/bin"
| #define RSCAPE_SHARE "/Users/erivas/src/Mysrc/R-scape/versions/rscape/rscape_v2.0/share"
| #define RVIEW_NAME "R-view"
| #define RVIEW_DATE "Feb 2023"
| #define RVIEW_COPYRIGHT "Copyright (C) 2018 Howard Hughes Medical Institute."
| #define RVIEW_LICENSE "Freely distributed under the GNU General Public License (GPLv3)."
| #define RVIEW_VERSION "0.1"
| #define RVIEW_URL "http://rivaslab.org/"
| #define RVIEW_HOME "/Users/erivas/src/Mysrc/R-scape/versions/rscape/rscape_v2.0/lib/R-view"
| #define RVIEW_BIN ""
| #define RNAVIEW_HOME "/Users/erivas/src/Mysrc/R-scape/versions/rscape/rscape_v2.0/lib/RNAVIEW"
| #define eslDEBUGLEVEL 0
| #define GAPASCHAR 0
| #define HAVE_PTHREAD_PRIO_INHERIT 1
| #define HAVE_PTHREAD 1
| #define HMMER_THREADS 1
| /* end confdefs.h.  */
| 
| #include <altivec.h>
| #include <stdint.h>
| int stub_vmx(void) {
| vector signed int v1,v2;
| union { vector signed int v; int32_t x[4]; } v3;
| v1   = vec_splat_s32(6);
| v2   = vec_splat_s32(12);
| v3.v = vec_add(v1,v2);
| return (int) v3.x[0];}
| int main(void) { if (stub_vmx() != 18) return 1; else return 0; }
| 
configure:6896: gcc -o conftest -g -O2 -O3 -faltivec   conftest.c  >&5
clang: error: the clang compiler does not support 'faltivec', please use -maltivec and include altivec.h explicitly
configure:6896: $? = 1
configure: failed program was:
| /* confdefs.h */
| #define PACKAGE_NAME "R-scape"
| #define PACKAGE_TARNAME "R-scape"
| #define PACKAGE_VERSION "2.0.2.d"
| #define PACKAGE_STRING "R-scape 2.0.2.d"
| #define PACKAGE_BUGREPORT "elenarivas@fas.harvard.edu"
| #define PACKAGE_URL ""
| #define E2MSA_DATE "MARCH 2017"
| #define E2MSA_COPYRIGHT "Copyright (C) 2017 Howard Hughes Medical Institute."
| #define E2MSA_LICENSE "Freely distributed under the GNU General Public License (GPLv3)."
| #define E2MSA_VERSION "0.1.0"
| #define E2MSA_URL "http://selab.org/"
| #define RSCAPE_NAME "R-scape"
| #define RSCAPE_DATE "Sep 2023"
| #define RSCAPE_COPYRIGHT "Copyright (C) 2016 Howard Hughes Medical Institute."
| #define RSCAPE_LICENSE "Freely distributed under the GNU General Public License (GPLv3)."
| #define RSCAPE_VERSION "2.0.2.d"
| #define RSCAPE_URL "http://rivaslab.org/"
| #define RSCAPE_HOME "/Users/erivas/src/Mysrc/R-scape/versions/rscape/rscape_v2.0"
| #define RSCAPE_BIN "/Users/erivas/src/Mysrc/R-scape/versions/rscape/rscape_v2.0/bin"
| #define RSCAPE_SHARE "/Users/erivas/src/Mysrc/R-scape/versions/rscape/rscape_v2.0/share"
| #define RVIEW_NAME "R-view"
| #define RVIEW_DATE "Feb 2023"
| #define RVIEW_COPYRIGHT "Copyright (C) 2018 Howard Hughes Medical Institute."
| #define RVIEW_LICENSE "Freely distributed under the GNU General Public License (GPLv3)."
| #define RVIEW_VERSION "0.1"
| #define RVIEW_URL "http://rivaslab.org/"
| #define RVIEW_HOME "/Users/erivas/src/Mysrc/R-scape/versions/rscape/rscape_v2.0/lib/R-view"
| #define RVIEW_BIN ""
| #define RNAVIEW_HOME "/Users/erivas/src/Mysrc/R-scape/versions/rscape/rscape_v2.0/lib/RNAVIEW"
| #define eslDEBUGLEVEL 0
| #define GAPASCHAR 0
| #define HAVE_PTHREAD_PRIO_INHERIT 1
| #define HAVE_PTHREAD 1
| #define HMMER_THREADS 1
| /* end confdefs.h.  */
| 
| #include <altivec.h>
| #include <stdint.h>
| int stub_vmx(void) {
| vector signed int v1,v2;
| union { vector signed int v; int32_t x[4]; } v3;
| v1   = vec_splat_s32(6);
| v2   = vec_splat_s32(12);
| v3.v = vec_add(v1,v2);
| return (int) v3.x[0];}
| int main(void) { if (stub_vmx() != 18) return 1; else return 0; }
| 
configure:6906: result: no
configure:6949: checking whether gcc can compile our SSE code
configure:6981: gcc -o conftest -g -O2 -O3   conftest.c  >&5
configure:6981: $? = 0
configure:6996: result: yes
configure:7037: Activating Intel/AMD SSE vector DP implementation
configure:7071: checking whether _MM_SET_FLUSH_ZERO_MODE is supported
configure:7087: gcc -c -g -O2 -O3   conftest.c >&5
configure:7087: $? = 0
configure:7089: result: yes
configure:7108: checking compiler support --start-group
configure:7123: gcc -o conftest -g -O2 -O3  -Wl,--start-group -Wl,--end-group  conftest.c  >&5
ld: unknown option: --start-group
clang: error: linker command failed with exit code 1 (use -v to see invocation)
configure:7123: $? = 1
configure: failed program was:
| /* confdefs.h */
| #define PACKAGE_NAME "R-scape"
| #define PACKAGE_TARNAME "R-scape"
| #define PACKAGE_VERSION "2.0.2.d"
| #define PACKAGE_STRING "R-scape 2.0.2.d"
| #define PACKAGE_BUGREPORT "elenarivas@fas.harvard.edu"
| #define PACKAGE_URL ""
| #define E2MSA_DATE "MARCH 2017"
| #define E2MSA_COPYRIGHT "Copyright (C) 2017 Howard Hughes Medical Institute."
| #define E2MSA_LICENSE "Freely distributed under the GNU General Public License (GPLv3)."
| #define E2MSA_VERSION "0.1.0"
| #define E2MSA_URL "http://selab.org/"
| #define RSCAPE_NAME "R-scape"
| #define RSCAPE_DATE "Sep 2023"
| #define RSCAPE_COPYRIGHT "Copyright (C) 2016 Howard Hughes Medical Institute."
| #define RSCAPE_LICENSE "Freely distributed under the GNU General Public License (GPLv3)."
| #define RSCAPE_VERSION "2.0.2.d"
| #define RSCAPE_URL "http://rivaslab.org/"
| #define RSCAPE_HOME "/Users/erivas/src/Mysrc/R-scape/versions/rscape/rscape_v2.0"
| #define RSCAPE_BIN "/Users/erivas/src/Mysrc/R-scape/versions/rscape/rscape_v2.0/bin"
| #define RSCAPE_SHARE "/Users/erivas/src/Mysrc/R-scape/versions/rscape/rscape_v2.0/share"
| #define RVIEW_NAME "R-view"
| #define RVIEW_DATE "Feb 2023"
| #define RVIEW_COPYRIGHT "Copyright (C) 2018 Howard Hughes Medical Institute."
| #define RVIEW_LICENSE "Freely distributed under the GNU General Public License (GPLv3)."
| #define RVIEW_VERSION "0.1"
| #define RVIEW_URL "http://rivaslab.org/"
| #define RVIEW_HOME "/Users/erivas/src/Mysrc/R-scape/versions/rscape/rscape_v2.0/lib/R-view"
| #define RVIEW_BIN ""
| #define RNAVIEW_HOME "/Users/erivas/src/Mysrc/R-scape/versions/rscape/rscape_v2.0/lib/RNAVIEW"
| #define eslDEBUGLEVEL 0
| #define GAPASCHAR 0
| #define HAVE_PTHREAD_PRIO_INHERIT 1
| #define HAVE_PTHREAD 1
| #define HMMER_THREADS 1
| #define eslENABLE_SSE 1
| #define HAVE_FLUSH_ZERO_MODE 1
| /* end confdefs.h.  */
| 
| int
| main (void)
| {
| 
|   ;
|   return 0;
| }
configure:7130: result: no
configure:7147: checking for gzip
configure:7170: found /usr/bin/gzip
configure:7183: result: /usr/bin/gzip
configure:7208: checking for python3
configure:7231: found /Users/erivas/anaconda3/bin/python3
configure:7243: result: /Users/erivas/anaconda3/bin/python3
configure:7266: checking for library containing clock_gettime
configure:7296: gcc -o conftest -g -O2 -O3   conftest.c  >&5
configure:7296: $? = 0
configure:7316: result: none required
configure:7335: checking for stdio.h
configure:7335: gcc -c -g -O2 -O3  conftest.c >&5
configure:7335: $? = 0
configure:7335: result: yes
configure:7335: checking for stdlib.h
configure:7335: gcc -c -g -O2 -O3  conftest.c >&5
configure:7335: $? = 0
configure:7335: result: yes
configure:7335: checking for string.h
configure:7335: gcc -c -g -O2 -O3  conftest.c >&5
configure:7335: $? = 0
configure:7335: result: yes
configure:7335: checking for inttypes.h
configure:7335: gcc -c -g -O2 -O3  conftest.c >&5
configure:7335: $? = 0
configure:7335: result: yes
configure:7335: checking for stdint.h
configure:7335: gcc -c -g -O2 -O3  conftest.c >&5
configure:7335: $? = 0
configure:7335: result: yes
configure:7335: checking for strings.h
configure:7335: gcc -c -g -O2 -O3  conftest.c >&5
configure:7335: $? = 0
configure:7335: result: yes
configure:7335: checking for sys/stat.h
configure:7335: gcc -c -g -O2 -O3  conftest.c >&5
configure:7335: $? = 0
configure:7335: result: yes
configure:7335: checking for sys/types.h
configure:7335: gcc -c -g -O2 -O3  conftest.c >&5
configure:7335: $? = 0
configure:7335: result: yes
configure:7335: checking for unistd.h
configure:7335: gcc -c -g -O2 -O3  conftest.c >&5
configure:7335: $? = 0
configure:7335: result: yes
configure:7360: checking for endian.h
configure:7360: gcc -c -g -O2 -O3  conftest.c >&5
conftest.c:78:10: fatal error: 'endian.h' file not found
#include <endian.h>
         ^~~~~~~~~~
1 error generated.
configure:7360: $? = 1
configure: failed program was:
| /* confdefs.h */
| #define PACKAGE_NAME "R-scape"
| #define PACKAGE_TARNAME "R-scape"
| #define PACKAGE_VERSION "2.0.2.d"
| #define PACKAGE_STRING "R-scape 2.0.2.d"
| #define PACKAGE_BUGREPORT "elenarivas@fas.harvard.edu"
| #define PACKAGE_URL ""
| #define E2MSA_DATE "MARCH 2017"
| #define E2MSA_COPYRIGHT "Copyright (C) 2017 Howard Hughes Medical Institute."
| #define E2MSA_LICENSE "Freely distributed under the GNU General Public License (GPLv3)."
| #define E2MSA_VERSION "0.1.0"
| #define E2MSA_URL "http://selab.org/"
| #define RSCAPE_NAME "R-scape"
| #define RSCAPE_DATE "Sep 2023"
| #define RSCAPE_COPYRIGHT "Copyright (C) 2016 Howard Hughes Medical Institute."
| #define RSCAPE_LICENSE "Freely distributed under the GNU General Public License (GPLv3)."
| #define RSCAPE_VERSION "2.0.2.d"
| #define RSCAPE_URL "http://rivaslab.org/"
| #define RSCAPE_HOME "/Users/erivas/src/Mysrc/R-scape/versions/rscape/rscape_v2.0"
| #define RSCAPE_BIN "/Users/erivas/src/Mysrc/R-scape/versions/rscape/rscape_v2.0/bin"
| #define RSCAPE_SHARE "/Users/erivas/src/Mysrc/R-scape/versions/rscape/rscape_v2.0/share"
| #define RVIEW_NAME "R-view"
| #define RVIEW_DATE "Feb 2023"
| #define RVIEW_COPYRIGHT "Copyright (C) 2018 Howard Hughes Medical Institute."
| #define RVIEW_LICENSE "Freely distributed under the GNU General Public License (GPLv3)."
| #define RVIEW_VERSION "0.1"
| #define RVIEW_URL "http://rivaslab.org/"
| #define RVIEW_HOME "/Users/erivas/src/Mysrc/R-scape/versions/rscape/rscape_v2.0/lib/R-view"
| #define RVIEW_BIN ""
| #define RNAVIEW_HOME "/Users/erivas/src/Mysrc/R-scape/versions/rscape/rscape_v2.0/lib/RNAVIEW"
| #define eslDEBUGLEVEL 0
| #define GAPASCHAR 0
| #define HAVE_PTHREAD_PRIO_INHERIT 1
| #define HAVE_PTHREAD 1
| #define HMMER_THREADS 1
| #define eslENABLE_SSE 1
| #define HAVE_FLUSH_ZERO_MODE 1
| #define HAVE_GZIP 1
| #define HAVE_STDIO_H 1
| #define HAVE_STDLIB_H 1
| #define HAVE_STRING_H 1
| #define HAVE_INTTYPES_H 1
| #define HAVE_STDINT_H 1
| #define HAVE_STRINGS_H 1
| #define HAVE_SYS_STAT_H 1
| #define HAVE_SYS_TYPES_H 1
| #define HAVE_UNISTD_H 1
| #define STDC_HEADERS 1
| /* end confdefs.h.  */
| #include <stddef.h>
| #ifdef HAVE_STDIO_H
| # include <stdio.h>
| #endif
| #ifdef HAVE_STDLIB_H
| # include <stdlib.h>
| #endif
| #ifdef HAVE_STRING_H
| # include <string.h>
| #endif
| #ifdef HAVE_INTTYPES_H
| # include <inttypes.h>
| #endif
| #ifdef HAVE_STDINT_H
| # include <stdint.h>
| #endif
| #ifdef HAVE_STRINGS_H
| # include <strings.h>
| #endif
| #ifdef HAVE_SYS_TYPES_H
| # include <sys/types.h>
| #endif
| #ifdef HAVE_SYS_STAT_H
| # include <sys/stat.h>
| #endif
| #ifdef HAVE_UNISTD_H
| # include <unistd.h>
| #endif
| #include <endian.h>
configure:7360: result: no
configure:7366: checking for inttypes.h
configure:7366: result: yes
configure:7372: checking for stdint.h
configure:7372: result: yes
configure:7378: checking for unistd.h
configure:7378: result: yes
configure:7384: checking for sys/types.h
configure:7384: result: yes
configure:7390: checking for netinet/in.h
configure:7390: gcc -c -g -O2 -O3  conftest.c >&5
configure:7390: $? = 0
configure:7390: result: yes
configure:7401: checking for sys/param.h
configure:7401: gcc -c -g -O2 -O3  conftest.c >&5
configure:7401: $? = 0
configure:7401: result: yes
configure:7408: checking for sys/sysctl.h
configure:7408: gcc -c -g -O2 -O3  conftest.c >&5
configure:7408: $? = 0
configure:7408: result: yes
configure:7459: checking for uint8_t
configure:7459: gcc -c -g -O2 -O3  conftest.c >&5
configure:7459: $? = 0
configure:7459: result: yes
configure:7471: checking for uint16_t
configure:7471: gcc -c -g -O2 -O3  conftest.c >&5
configure:7471: $? = 0
configure:7471: result: yes
configure:7481: checking for uint32_t
configure:7481: gcc -c -g -O2 -O3  conftest.c >&5
configure:7481: $? = 0
configure:7481: result: yes
configure:7493: checking for uint64_t
configure:7493: gcc -c -g -O2 -O3  conftest.c >&5
configure:7493: $? = 0
configure:7493: result: yes
configure:7505: checking for off_t
configure:7505: gcc -c -g -O2 -O3  conftest.c >&5
configure:7505: $? = 0
configure:7505: gcc -c -g -O2 -O3  conftest.c >&5
conftest.c:88:20: error: expected expression
if (sizeof ((off_t)))
                   ^
1 error generated.
configure:7505: $? = 1
configure: failed program was:
| /* confdefs.h */
| #define PACKAGE_NAME "R-scape"
| #define PACKAGE_TARNAME "R-scape"
| #define PACKAGE_VERSION "2.0.2.d"
| #define PACKAGE_STRING "R-scape 2.0.2.d"
| #define PACKAGE_BUGREPORT "elenarivas@fas.harvard.edu"
| #define PACKAGE_URL ""
| #define E2MSA_DATE "MARCH 2017"
| #define E2MSA_COPYRIGHT "Copyright (C) 2017 Howard Hughes Medical Institute."
| #define E2MSA_LICENSE "Freely distributed under the GNU General Public License (GPLv3)."
| #define E2MSA_VERSION "0.1.0"
| #define E2MSA_URL "http://selab.org/"
| #define RSCAPE_NAME "R-scape"
| #define RSCAPE_DATE "Sep 2023"
| #define RSCAPE_COPYRIGHT "Copyright (C) 2016 Howard Hughes Medical Institute."
| #define RSCAPE_LICENSE "Freely distributed under the GNU General Public License (GPLv3)."
| #define RSCAPE_VERSION "2.0.2.d"
| #define RSCAPE_URL "http://rivaslab.org/"
| #define RSCAPE_HOME "/Users/erivas/src/Mysrc/R-scape/versions/rscape/rscape_v2.0"
| #define RSCAPE_BIN "/Users/erivas/src/Mysrc/R-scape/versions/rscape/rscape_v2.0/bin"
| #define RSCAPE_SHARE "/Users/erivas/src/Mysrc/R-scape/versions/rscape/rscape_v2.0/share"
| #define RVIEW_NAME "R-view"
| #define RVIEW_DATE "Feb 2023"
| #define RVIEW_COPYRIGHT "Copyright (C) 2018 Howard Hughes Medical Institute."
| #define RVIEW_LICENSE "Freely distributed under the GNU General Public License (GPLv3)."
| #define RVIEW_VERSION "0.1"
| #define RVIEW_URL "http://rivaslab.org/"
| #define RVIEW_HOME "/Users/erivas/src/Mysrc/R-scape/versions/rscape/rscape_v2.0/lib/R-view"
| #define RVIEW_BIN ""
| #define RNAVIEW_HOME "/Users/erivas/src/Mysrc/R-scape/versions/rscape/rscape_v2.0/lib/RNAVIEW"
| #define eslDEBUGLEVEL 0
| #define GAPASCHAR 0
| #define HAVE_PTHREAD_PRIO_INHERIT 1
| #define HAVE_PTHREAD 1
| #define HMMER_THREADS 1
| #define eslENABLE_SSE 1
| #define HAVE_FLUSH_ZERO_MODE 1
| #define HAVE_GZIP 1
| #define HAVE_STDIO_H 1
| #define HAVE_STDLIB_H 1
| #define HAVE_STRING_H 1
| #define HAVE_INTTYPES_H 1
| #define HAVE_STDINT_H 1
| #define HAVE_STRINGS_H 1
| #define HAVE_SYS_STAT_H 1
| #define HAVE_SYS_TYPES_H 1
| #define HAVE_UNISTD_H 1
| #define STDC_HEADERS 1
| #define HAVE_INTTYPES_H 1
| #define HAVE_STDINT_H 1
| #define HAVE_UNISTD_H 1
| #define HAVE_SYS_TYPES_H 1
| #define HAVE_NETINET_IN_H 1
| #define HAVE_SYS_PARAM_H 1
| #define HAVE_SYS_SYSCTL_H 1
| /* end confdefs.h.  */
| #include <stddef.h>
| #ifdef HAVE_STDIO_H
| # include <stdio.h>
| #endif
| #ifdef HAVE_STDLIB_H
| # include <stdlib.h>
| #endif
| #ifdef HAVE_STRING_H
| # include <string.h>
| #endif
| #ifdef HAVE_INTTYPES_H
| # include <inttypes.h>
| #endif
| #ifdef HAVE_STDINT_H
| # include <stdint.h>
| #endif
| #ifdef HAVE_STRINGS_H
| # include <strings.h>
| #endif
| #ifdef HAVE_SYS_TYPES_H
| # include <sys/types.h>
| #endif
| #ifdef HAVE_SYS_STAT_H
| # include <sys/stat.h>
| #endif
| #ifdef HAVE_UNISTD_H
| # include <unistd.h>
| #endif
| int
| main (void)
| {
| if (sizeof ((off_t)))
| 	    return 0;
|   ;
|   return 0;
| }
configure:7505: result: yes
configure:7525: checking whether byte ordering is bigendian
configure:7541: gcc -c -g -O2 -O3  conftest.c >&5
configure:7541: $? = 0
configure:7587: gcc -c -g -O2 -O3  conftest.c >&5
configure:7587: $? = 0
configure:7606: gcc -c -g -O2 -O3  conftest.c >&5
conftest.c:64:4: error: use of undeclared identifier 'not'
                 not big endian
                 ^
1 error generated.
configure:7606: $? = 1
configure: failed program was:
| /* confdefs.h */
| #define PACKAGE_NAME "R-scape"
| #define PACKAGE_TARNAME "R-scape"
| #define PACKAGE_VERSION "2.0.2.d"
| #define PACKAGE_STRING "R-scape 2.0.2.d"
| #define PACKAGE_BUGREPORT "elenarivas@fas.harvard.edu"
| #define PACKAGE_URL ""
| #define E2MSA_DATE "MARCH 2017"
| #define E2MSA_COPYRIGHT "Copyright (C) 2017 Howard Hughes Medical Institute."
| #define E2MSA_LICENSE "Freely distributed under the GNU General Public License (GPLv3)."
| #define E2MSA_VERSION "0.1.0"
| #define E2MSA_URL "http://selab.org/"
| #define RSCAPE_NAME "R-scape"
| #define RSCAPE_DATE "Sep 2023"
| #define RSCAPE_COPYRIGHT "Copyright (C) 2016 Howard Hughes Medical Institute."
| #define RSCAPE_LICENSE "Freely distributed under the GNU General Public License (GPLv3)."
| #define RSCAPE_VERSION "2.0.2.d"
| #define RSCAPE_URL "http://rivaslab.org/"
| #define RSCAPE_HOME "/Users/erivas/src/Mysrc/R-scape/versions/rscape/rscape_v2.0"
| #define RSCAPE_BIN "/Users/erivas/src/Mysrc/R-scape/versions/rscape/rscape_v2.0/bin"
| #define RSCAPE_SHARE "/Users/erivas/src/Mysrc/R-scape/versions/rscape/rscape_v2.0/share"
| #define RVIEW_NAME "R-view"
| #define RVIEW_DATE "Feb 2023"
| #define RVIEW_COPYRIGHT "Copyright (C) 2018 Howard Hughes Medical Institute."
| #define RVIEW_LICENSE "Freely distributed under the GNU General Public License (GPLv3)."
| #define RVIEW_VERSION "0.1"
| #define RVIEW_URL "http://rivaslab.org/"
| #define RVIEW_HOME "/Users/erivas/src/Mysrc/R-scape/versions/rscape/rscape_v2.0/lib/R-view"
| #define RVIEW_BIN ""
| #define RNAVIEW_HOME "/Users/erivas/src/Mysrc/R-scape/versions/rscape/rscape_v2.0/lib/RNAVIEW"
| #define eslDEBUGLEVEL 0
| #define GAPASCHAR 0
| #define HAVE_PTHREAD_PRIO_INHERIT 1
| #define HAVE_PTHREAD 1
| #define HMMER_THREADS 1
| #define eslENABLE_SSE 1
| #define HAVE_FLUSH_ZERO_MODE 1
| #define HAVE_GZIP 1
| #define HAVE_STDIO_H 1
| #define HAVE_STDLIB_H 1
| #define HAVE_STRING_H 1
| #define HAVE_INTTYPES_H 1
| #define HAVE_STDINT_H 1
| #define HAVE_STRINGS_H 1
| #define HAVE_SYS_STAT_H 1
| #define HAVE_SYS_TYPES_H 1
| #define HAVE_UNISTD_H 1
| #define STDC_HEADERS 1
| #define HAVE_INTTYPES_H 1
| #define HAVE_STDINT_H 1
| #define HAVE_UNISTD_H 1
| #define HAVE_SYS_TYPES_H 1
| #define HAVE_NETINET_IN_H 1
| #define HAVE_SYS_PARAM_H 1
| #define HAVE_SYS_SYSCTL_H 1
| /* end confdefs.h.  */
| #include <sys/types.h>
| 		#include <sys/param.h>
| 
| int
| main (void)
| {
| #if BYTE_ORDER != BIG_ENDIAN
| 		 not big endian
| 		#endif
| 
|   ;
|   return 0;
| }
configure:7740: result: no
configure:7841: checking for __attribute__((noreturn))
configure:7863: gcc -o conftest -g -O2 -O3   conftest.c  >&5
configure:7863: $? = 0
configure:7878: result: yes
configure:7909: checking for __attribute__((format))
configure:7931: gcc -o conftest -g -O2 -O3   conftest.c  >&5
configure:7931: $? = 0
configure:7946: result: yes
configure:7966: checking for mkstemp
configure:7966: gcc -o conftest -g -O2 -O3   conftest.c  >&5
configure:7966: $? = 0
configure:7966: result: yes
configure:7973: checking for popen
configure:7973: gcc -o conftest -g -O2 -O3   conftest.c  >&5
configure:7973: $? = 0
configure:7973: result: yes
configure:7980: checking for putenv
configure:7980: gcc -o conftest -g -O2 -O3   conftest.c  >&5
configure:7980: $? = 0
configure:7980: result: yes
configure:7987: checking for strcasecmp
configure:7987: gcc -o conftest -g -O2 -O3   conftest.c  >&5
conftest.c:78:6: warning: incompatible redeclaration of library function 'strcasecmp' [-Wincompatible-library-redeclaration]
char strcasecmp ();
     ^
conftest.c:78:6: note: 'strcasecmp' is a builtin with type 'int (const char *, const char *)'
1 warning generated.
configure:7987: $? = 0
configure:7987: result: yes
configure:7994: checking for strsep
configure:7994: gcc -o conftest -g -O2 -O3   conftest.c  >&5
configure:7994: $? = 0
configure:7994: result: yes
configure:8001: checking for times
configure:8001: gcc -o conftest -g -O2 -O3   conftest.c  >&5
configure:8001: $? = 0
configure:8001: result: yes
configure:8008: checking for getpid
configure:8008: gcc -o conftest -g -O2 -O3   conftest.c  >&5
configure:8008: $? = 0
configure:8008: result: yes
configure:8015: checking for sysctl
configure:8015: gcc -o conftest -g -O2 -O3   conftest.c  >&5
configure:8015: $? = 0
configure:8015: result: yes
configure:8022: checking for sysconf
configure:8022: gcc -o conftest -g -O2 -O3   conftest.c  >&5
configure:8022: $? = 0
configure:8022: result: yes
configure:8029: checking for getcwd
configure:8029: gcc -o conftest -g -O2 -O3   conftest.c  >&5
configure:8029: $? = 0
configure:8029: result: yes
configure:8036: checking for chmod
configure:8036: gcc -o conftest -g -O2 -O3   conftest.c  >&5
configure:8036: $? = 0
configure:8036: result: yes
configure:8043: checking for stat
configure:8043: gcc -o conftest -g -O2 -O3   conftest.c  >&5
configure:8043: $? = 0
configure:8043: result: yes
configure:8050: checking for fstat
configure:8050: gcc -o conftest -g -O2 -O3   conftest.c  >&5
configure:8050: $? = 0
configure:8050: result: yes
configure:8057: checking for erfc
configure:8057: gcc -o conftest -g -O2 -O3   conftest.c  >&5
conftest.c:88:6: warning: incompatible redeclaration of library function 'erfc' [-Wincompatible-library-redeclaration]
char erfc ();
     ^
conftest.c:88:6: note: 'erfc' is a builtin with type 'double (double)'
1 warning generated.
configure:8057: $? = 0
configure:8057: result: yes
configure:8068: checking for ntohs
configure:8068: gcc -o conftest -g -O2 -O3   conftest.c  >&5
configure:8068: $? = 0
configure:8068: result: yes
configure:8123: checking for ntohl
configure:8123: gcc -o conftest -g -O2 -O3   conftest.c  >&5
configure:8123: $? = 0
configure:8123: result: yes
configure:8178: checking for htons
configure:8178: gcc -o conftest -g -O2 -O3   conftest.c  >&5
configure:8178: $? = 0
configure:8178: result: yes
configure:8233: checking for htonl
configure:8233: gcc -o conftest -g -O2 -O3   conftest.c  >&5
configure:8233: $? = 0
configure:8233: result: yes
configure:8285: checking for library containing socket
configure:8315: gcc -o conftest -g -O2 -O3   conftest.c  >&5
configure:8315: $? = 0
configure:8335: result: none required
configure:8344: checking for library containing inet_pton
configure:8374: gcc -o conftest -g -O2 -O3   conftest.c  >&5
configure:8374: $? = 0
configure:8394: result: none required
configure:8404: checking for _LARGEFILE_SOURCE value needed for large files
configure:8424: gcc -o conftest -g -O2 -O3   conftest.c  >&5
configure:8424: $? = 0
configure:8454: result: no
configure:8485: checking for special C compiler options needed for large files
configure:8533: result: no
configure:8539: checking for _FILE_OFFSET_BITS value needed for large files
configure:8565: gcc -c -g -O2 -O3  conftest.c >&5
configure:8565: $? = 0
configure:8599: result: no
configure:8821: creating ./config.status

## ---------------------- ##
## Running config.status. ##
## ---------------------- ##

This file was extended by R-scape config.status 2.0.2.d, which was
generated by GNU Autoconf 2.71.  Invocation command line was

  CONFIG_FILES    = 
  CONFIG_HEADERS  = 
  CONFIG_LINKS    = 
  CONFIG_COMMANDS = 
  $ ./config.status 

on dhcp-10-250-70-214.harvard.edu

config.status:932: creating Makefile
config.status:932: creating src/Makefile
config.status:932: creating lib/FastTree/src/Makefile
config.status:932: creating lib/R2R/R2R-current/src/Makefile
config.status:932: creating lib/RNAVIEW/src/Makefile
config.status:932: creating lib/hmmer/libdivsufsort/Makefile
config.status:932: creating lib/hmmer/easel/Makefile
config.status:932: creating lib/hmmer/Makefile
config.status:932: creating lib/R-view/src/Makefile
config.status:932: creating src/e2_config.h
config.status:1107: src/e2_config.h is unchanged
config.status:932: creating src/rscape_config.h
config.status:1107: src/rscape_config.h is unchanged
config.status:932: creating lib/R-view/src/rview_config.h
config.status:1107: lib/R-view/src/rview_config.h is unchanged
config.status:932: creating lib/RNAVIEW/src/rnaview_config.h
config.status:1107: lib/RNAVIEW/src/rnaview_config.h is unchanged
configure:10057: === configuring in lib/R2R/R2R-current (/Users/erivas/src/Mysrc/R-scape/versions/rscape/rscape_v2.0/lib/R2R/R2R-current)
configure:10118: running /bin/sh ./configure --disable-option-checking '--prefix=/Users/erivas/src/Mysrc/R-scape/versions/rscape/rscape_v2.0'  --cache-file=/dev/null --srcdir=.
configure:10057: === configuring in lib/hmmer (/Users/erivas/src/Mysrc/R-scape/versions/rscape/rscape_v2.0/lib/hmmer)
configure:10118: running /bin/sh ./configure --disable-option-checking '--prefix=/Users/erivas/src/Mysrc/R-scape/versions/rscape/rscape_v2.0'  --cache-file=/dev/null --srcdir=.
configure:10057: === configuring in lib/infernal (/Users/erivas/src/Mysrc/R-scape/versions/rscape/rscape_v2.0/lib/infernal)
configure:10118: running /bin/sh ./configure --disable-option-checking '--prefix=/Users/erivas/src/Mysrc/R-scape/versions/rscape/rscape_v2.0'  --cache-file=/dev/null --srcdir=.

## ---------------- ##
## Cache variables. ##
## ---------------- ##

ac_cv_build=x86_64-apple-darwin22.6.0
ac_cv_c_bigendian=no
ac_cv_c_compiler_gnu=yes
ac_cv_c_uint16_t=yes
ac_cv_c_uint32_t=yes
ac_cv_c_uint64_t=yes
ac_cv_c_uint8_t=yes
ac_cv_env_CC_set=
ac_cv_env_CC_value=
ac_cv_env_CFLAGS_set=
ac_cv_env_CFLAGS_value=
ac_cv_env_CPPFLAGS_set=
ac_cv_env_CPPFLAGS_value=
ac_cv_env_CPP_set=
ac_cv_env_CPP_value=
ac_cv_env_LDFLAGS_set=
ac_cv_env_LDFLAGS_value=
ac_cv_env_LIBS_set=
ac_cv_env_LIBS_value=
ac_cv_env_MPICC_set=
ac_cv_env_MPICC_value=
ac_cv_env_PIC_CFLAGS_set=
ac_cv_env_PIC_CFLAGS_value=
ac_cv_env_build_alias_set=
ac_cv_env_build_alias_value=
ac_cv_env_host_alias_set=
ac_cv_env_host_alias_value=
ac_cv_env_target_alias_set=
ac_cv_env_target_alias_value=
ac_cv_func_chmod=yes
ac_cv_func_erfc=yes
ac_cv_func_fstat=yes
ac_cv_func_getcwd=yes
ac_cv_func_getpid=yes
ac_cv_func_htonl=yes
ac_cv_func_htons=yes
ac_cv_func_mkstemp=yes
ac_cv_func_ntohl=yes
ac_cv_func_ntohs=yes
ac_cv_func_popen=yes
ac_cv_func_putenv=yes
ac_cv_func_stat=yes
ac_cv_func_strcasecmp=yes
ac_cv_func_strsep=yes
ac_cv_func_sysconf=yes
ac_cv_func_sysctl=yes
ac_cv_func_times=yes
ac_cv_header_endian_h=no
ac_cv_header_inttypes_h=yes
ac_cv_header_netinet_in_h=yes
ac_cv_header_stdint_h=yes
ac_cv_header_stdio_h=yes
ac_cv_header_stdlib_h=yes
ac_cv_header_string_h=yes
ac_cv_header_strings_h=yes
ac_cv_header_sys_param_h=yes
ac_cv_header_sys_stat_h=yes
ac_cv_header_sys_sysctl_h=yes
ac_cv_header_sys_types_h=yes
ac_cv_header_unistd_h=yes
ac_cv_host=x86_64-apple-darwin22.6.0
ac_cv_objext=o
ac_cv_path_AR=/usr/bin/ar
ac_cv_path_EGREP='/usr/bin/grep -E'
ac_cv_path_GREP=/usr/bin/grep
ac_cv_path_HAVE_GZIP=/usr/bin/gzip
ac_cv_path_PYTHON3=/Users/erivas/anaconda3/bin/python3
ac_cv_path_SED=/usr/bin/sed
ac_cv_path_install='/usr/bin/install -c'
ac_cv_prog_CPP='gcc -E'
ac_cv_prog_ac_ct_CC=gcc
ac_cv_prog_ac_ct_RANLIB=ranlib
ac_cv_prog_cc_c11=
ac_cv_prog_cc_g=yes
ac_cv_prog_cc_stdc=
ac_cv_search_clock_gettime='none required'
ac_cv_search_inet_pton='none required'
ac_cv_search_socket='none required'
ac_cv_sys_file_offset_bits=no
ac_cv_sys_largefile_CC=no
ac_cv_sys_largefile_source=no
ac_cv_type_off_t=yes
ax_cv_PTHREAD_CLANG=yes
ax_cv_PTHREAD_CLANG_NO_WARN_FLAG=no
ax_cv_PTHREAD_JOINABLE_ATTR=PTHREAD_CREATE_JOINABLE
ax_cv_PTHREAD_PRIO_INHERIT=yes
ax_cv_PTHREAD_SPECIAL_FLAGS=no
ax_cv_have_func_attribute_format=yes
ax_cv_have_func_attribute_noreturn=yes

## ----------------- ##
## Output variables. ##
## ----------------- ##

AR='/usr/bin/ar'
AVX512_CFLAGS=''
AVX_CFLAGS=''
CC='gcc'
CFLAGS='-g -O2 -O3'
CPP='gcc -E'
CPPFLAGS=''
DEFS='-DHAVE_CONFIG_H'
E2MSA_COPYRIGHT='Copyright (C) 2017 Howard Hughes Medical Institute.'
E2MSA_DATE='MARCH 2017'
E2MSA_ESLDIR='lib/hmmer/easel'
E2MSA_HMMERDIR='lib/hmmer/src'
E2MSA_LICENSE='Freely distributed under the GNU General Public License (GPLv3).'
E2MSA_SADIR='lib/hmmer/libdivsufsort'
E2MSA_URL='http://selab.org/'
E2MSA_VERSION='0.1.0'
ECHO_C='\c'
ECHO_N=''
ECHO_T=''
EGREP='/usr/bin/grep -E'
EXEEXT=''
GREP='/usr/bin/grep'
GROUPHMMERLIBS='-lhmmer -lhmmerimpl'
HAVE_GZIP='/usr/bin/gzip'
HMMERIMPLLIB='impl_sse/libhmmerimpl.a'
IMPL_CHOICE='sse'
INSTALL_DATA='${INSTALL} -m 644'
INSTALL_PROGRAM='${INSTALL}'
INSTALL_SCRIPT='${INSTALL}'
LDFLAGS=''
LIBGSL=''
LIBOBJS=''
LIBS=''
LN_S='ln -s'
LTLIBOBJS=''
MPICC=''
MPI_BENCHMARKS=''
MPI_UTESTS=''
NEON_CFLAGS=''
OBJEXT='o'
PACKAGE_BUGREPORT='elenarivas@fas.harvard.edu'
PACKAGE_NAME='R-scape'
PACKAGE_STRING='R-scape 2.0.2.d'
PACKAGE_TARNAME='R-scape'
PACKAGE_URL=''
PACKAGE_VERSION='2.0.2.d'
PATH_SEPARATOR=':'
PIC_CFLAGS=''
PTHREAD_CC='gcc'
PTHREAD_CFLAGS='-pthread'
PTHREAD_CXX=''
PTHREAD_LIBS='-lpthread'
PYTHON3='/Users/erivas/anaconda3/bin/python3'
RANLIB='ranlib'
RSCAPE_BIN='/Users/erivas/src/Mysrc/R-scape/versions/rscape/rscape_v2.0/bin'
RSCAPE_COPYRIGHT='Copyright (C) 2016 Howard Hughes Medical Institute.'
RSCAPE_DATE='Sep 2023'
RSCAPE_ESLDIR='lib/hmmer/easel'
RSCAPE_FASTTREEDIR='lib/FastTree/src'
RSCAPE_HMMERDIR='lib/hmmer/src'
RSCAPE_HOME='/Users/erivas/src/Mysrc/R-scape/versions/rscape/rscape_v2.0'
RSCAPE_IMPLDIR='impl_sse'
RSCAPE_INFERNALDIR='lib/infernal'
RSCAPE_LICENSE='Freely distributed under the GNU General Public License (GPLv3).'
RSCAPE_NAME='R-scape'
RSCAPE_R2RDIR='lib/R2R/R2R-current'
RSCAPE_RNAVIEWDIR='lib/RNAVIEW/src'
RSCAPE_SADIR='lib/hmmer/libdivsufsort'
RSCAPE_SHARE='/Users/erivas/src/Mysrc/R-scape/versions/rscape/rscape_v2.0/share'
RSCAPE_URL='http://rivaslab.org/'
RSCAPE_VERSION='2.0.2.d'
RVIEW_COPYRIGHT='Copyright (C) 2018 Howard Hughes Medical Institute.'
RVIEW_DATE='Feb 2023'
RVIEW_DIR='lib/R-view/src'
RVIEW_HOME='/Users/erivas/src/Mysrc/R-scape/versions/rscape/rscape_v2.0/lib/R-view'
RVIEW_LICENSE='Freely distributed under the GNU General Public License (GPLv3).'
RVIEW_NAME='R-view'
RVIEW_URL='http://rivaslab.org/'
RVIEW_VERSION='0.1'
SED='/usr/bin/sed'
SHELL='/bin/sh'
SSE4_CFLAGS=''
SSE_CFLAGS=''
VMX_CFLAGS=''
ac_ct_CC='gcc'
ax_pthread_config=''
bindir='${exec_prefix}/bin'
build='x86_64-apple-darwin22.6.0'
build_alias=''
build_cpu='x86_64'
build_os='darwin22.6.0'
build_vendor='apple'
datadir='${datarootdir}'
datarootdir='${prefix}/share'
docdir='${datarootdir}/doc/${PACKAGE_TARNAME}'
dvidir='${docdir}'
exec_prefix='${prefix}'
host='x86_64-apple-darwin22.6.0'
host_alias=''
host_cpu='x86_64'
host_os='darwin22.6.0'
host_vendor='apple'
htmldir='${docdir}'
includedir='${prefix}/include'
infodir='${datarootdir}/info'
libdir='${exec_prefix}/lib'
libexecdir='${exec_prefix}/libexec'
localedir='${datarootdir}/locale'
localstatedir='${prefix}/var'
mandir='${datarootdir}/man'
oldincludedir='/usr/include'
pdfdir='${docdir}'
prefix='/Users/erivas/src/Mysrc/R-scape/versions/rscape/rscape_v2.0'
program_transform_name='s,x,x,'
psdir='${docdir}'
runstatedir='${localstatedir}/run'
sbindir='${exec_prefix}/sbin'
sharedstatedir='${prefix}/com'
subdirs=' lib/R2R/R2R-current lib/hmmer lib/infernal'
sysconfdir='${prefix}/etc'
target_alias=''

## ----------- ##
## confdefs.h. ##
## ----------- ##

/* confdefs.h */
#define PACKAGE_NAME "R-scape"
#define PACKAGE_TARNAME "R-scape"
#define PACKAGE_VERSION "2.0.2.d"
#define PACKAGE_STRING "R-scape 2.0.2.d"
#define PACKAGE_BUGREPORT "elenarivas@fas.harvard.edu"
#define PACKAGE_URL ""
#define E2MSA_DATE "MARCH 2017"
#define E2MSA_COPYRIGHT "Copyright (C) 2017 Howard Hughes Medical Institute."
#define E2MSA_LICENSE "Freely distributed under the GNU General Public License (GPLv3)."
#define E2MSA_VERSION "0.1.0"
#define E2MSA_URL "http://selab.org/"
#define RSCAPE_NAME "R-scape"
#define RSCAPE_DATE "Sep 2023"
#define RSCAPE_COPYRIGHT "Copyright (C) 2016 Howard Hughes Medical Institute."
#define RSCAPE_LICENSE "Freely distributed under the GNU General Public License (GPLv3)."
#define RSCAPE_VERSION "2.0.2.d"
#define RSCAPE_URL "http://rivaslab.org/"
#define RSCAPE_HOME "/Users/erivas/src/Mysrc/R-scape/versions/rscape/rscape_v2.0"
#define RSCAPE_BIN "/Users/erivas/src/Mysrc/R-scape/versions/rscape/rscape_v2.0/bin"
#define RSCAPE_SHARE "/Users/erivas/src/Mysrc/R-scape/versions/rscape/rscape_v2.0/share"
#define RVIEW_NAME "R-view"
#define RVIEW_DATE "Feb 2023"
#define RVIEW_COPYRIGHT "Copyright (C) 2018 Howard Hughes Medical Institute."
#define RVIEW_LICENSE "Freely distributed under the GNU General Public License (GPLv3)."
#define RVIEW_VERSION "0.1"
#define RVIEW_URL "http://rivaslab.org/"
#define RVIEW_HOME "/Users/erivas/src/Mysrc/R-scape/versions/rscape/rscape_v2.0/lib/R-view"
#define RVIEW_BIN ""
#define RNAVIEW_HOME "/Users/erivas/src/Mysrc/R-scape/versions/rscape/rscape_v2.0/lib/RNAVIEW"
#define eslDEBUGLEVEL 0
#define GAPASCHAR 0
#define HAVE_PTHREAD_PRIO_INHERIT 1
#define HAVE_PTHREAD 1
#define HMMER_THREADS 1
#define eslENABLE_SSE 1
#define HAVE_FLUSH_ZERO_MODE 1
#define HAVE_GZIP 1
#define HAVE_STDIO_H 1
#define HAVE_STDLIB_H 1
#define HAVE_STRING_H 1
#define HAVE_INTTYPES_H 1
#define HAVE_STDINT_H 1
#define HAVE_STRINGS_H 1
#define HAVE_SYS_STAT_H 1
#define HAVE_SYS_TYPES_H 1
#define HAVE_UNISTD_H 1
#define STDC_HEADERS 1
#define HAVE_INTTYPES_H 1
#define HAVE_STDINT_H 1
#define HAVE_UNISTD_H 1
#define HAVE_SYS_TYPES_H 1
#define HAVE_NETINET_IN_H 1
#define HAVE_SYS_PARAM_H 1
#define HAVE_SYS_SYSCTL_H 1
#define HAVE_FUNC_ATTRIBUTE_NORETURN 1
#define HAVE_FUNC_ATTRIBUTE_FORMAT 1
#define HAVE_MKSTEMP 1
#define HAVE_POPEN 1
#define HAVE_PUTENV 1
#define HAVE_STRCASECMP 1
#define HAVE_STRSEP 1
#define HAVE_TIMES 1
#define HAVE_GETPID 1
#define HAVE_SYSCTL 1
#define HAVE_SYSCONF 1
#define HAVE_GETCWD 1
#define HAVE_CHMOD 1
#define HAVE_STAT 1
#define HAVE_FSTAT 1
#define HAVE_ERFC 1
#define HAVE_NTOHS 1
#define HAVE_NTOHL 1
#define HAVE_HTONS 1
#define HAVE_HTONL 1
#define HAVE_FSEEKO 1

configure: exit 0
